2015-11-10 15:26:56 10fc InnoDB: Warning: Using innodb_additional_mem_pool_size is DEPRECATED. This option may be removed in future releases, together with the option innodb_use_sys_malloc and with the InnoDB's internal memory allocator.
2015-11-10 15:26:56 4348 [Note] InnoDB: Using mutexes to ref count buffer pool pages
2015-11-10 15:26:56 4348 [Note] InnoDB: The InnoDB memory heap is disabled
2015-11-10 15:26:56 4348 [Note] InnoDB: Mutexes and rw_locks use Windows interlocked functions
2015-11-10 15:26:56 4348 [Note] InnoDB: Memory barrier is not used
2015-11-10 15:26:56 4348 [Note] InnoDB: Compressed tables use zlib 1.2.3
2015-11-10 15:26:56 4348 [Note] InnoDB: Not using CPU crc32 instructions
2015-11-10 15:26:56 4348 [Note] InnoDB: Initializing buffer pool, size = 16.0M
2015-11-10 15:26:56 4348 [Note] InnoDB: Completed initialization of buffer pool
2015-11-10 15:26:56 4348 [Note] InnoDB: Highest supported file format is Barracuda.
2015-11-10 15:26:57 4348 [Note] InnoDB: 128 rollback segment(s) are active.
2015-11-10 15:26:57 4348 [Note] InnoDB: Waiting for purge to start
2015-11-10 15:26:57 4348 [Note] InnoDB:  Percona XtraDB (http://www.percona.com) 5.6.26-74.0 started; log sequence number 1835027
2015-11-10 15:26:57 6140 [Note] InnoDB: Dumping buffer pool(s) not yet started
2015-11-10 15:26:57 4348 [Note] Plugin 'FEEDBACK' is disabled.
2015-11-10 15:26:57 4348 [Note] Server socket created on IP: '::'.
2015-11-10 15:26:57 4348 [Note] Event Scheduler: Loaded 0 events
2015-11-10 15:26:57 4348 [Note] C:\xampp\mysql\bin\mysqld.exe: ready for connections.
Version: '10.1.8-MariaDB'  socket: ''  port: 3306  mariadb.org binary distribution
2015-11-10 15:27:11 5152 [Note] C:\xampp\mysql\bin\mysqld.exe: Normal shutdown

2015-11-10 15:27:11 5152 [Note] Event Scheduler: Purging the queue. 0 events
2015-11-10 15:27:11 5732 [Note] InnoDB: FTS optimize thread exiting.
2015-11-10 15:27:11 5152 [Note] InnoDB: Starting shutdown...
2015-11-10 15:27:13 5152 [Note] InnoDB: Shutdown completed; log sequence number 1835037
2015-11-10 15:27:13 5152 [Note] C:\xampp\mysql\bin\mysqld.exe: Shutdown complete

2017-01-18 11:34:55 1c58 InnoDB: Warning: Using innodb_additional_mem_pool_size is DEPRECATED. This option may be removed in future releases, together with the option innodb_use_sys_malloc and with the InnoDB's internal memory allocator.
2017-01-18 11:34:55 7256 [Note] InnoDB: innodb_empty_free_list_algorithm has been changed to legacy because of small buffer pool size. In order to use backoff, increase buffer pool at least up to 20MB.

2017-01-18 11:34:55 7256 [Note] InnoDB: Using mutexes to ref count buffer pool pages
2017-01-18 11:34:55 7256 [Note] InnoDB: The InnoDB memory heap is disabled
2017-01-18 11:34:55 7256 [Note] InnoDB: Mutexes and rw_locks use Windows interlocked functions
2017-01-18 11:34:55 7256 [Note] InnoDB: _mm_lfence() and _mm_sfence() are used for memory barrier
2017-01-18 11:34:55 7256 [Note] InnoDB: Compressed tables use zlib 1.2.3
2017-01-18 11:34:55 7256 [Note] InnoDB: Using generic crc32 instructions
2017-01-18 11:34:55 7256 [Note] InnoDB: Initializing buffer pool, size = 16.0M
2017-01-18 11:34:55 7256 [Note] InnoDB: Completed initialization of buffer pool
2017-01-18 11:34:55 7256 [Note] InnoDB: Highest supported file format is Barracuda.
2017-01-18 11:34:55 7256 [Note] InnoDB: 128 rollback segment(s) are active.
2017-01-18 11:34:55 7256 [Note] InnoDB: Creating zip_dict and zip_dict_cols system tables.
2017-01-18 11:34:56 7256 [Note] InnoDB: zip_dict and zip_dict_cols system tables created.
2017-01-18 11:34:56 7256 [Note] InnoDB: Waiting for purge to start
2017-01-18 11:34:56 7256 [Note] InnoDB:  Percona XtraDB (http://www.percona.com) 5.6.32-79.0 started; log sequence number 1835037
2017-01-18 11:34:56 10704 [Note] InnoDB: Dumping buffer pool(s) not yet started
2017-01-18 11:34:56 7256 [Note] Plugin 'FEEDBACK' is disabled.
2017-01-18 11:34:56 7256 [Note] Server socket created on IP: '::'.
2017-01-18 11:34:56 7256 [Note] e:\xampp\mysql\bin\mysqld.exe: ready for connections.
Version: '10.1.19-MariaDB'  socket: ''  port: 3306  mariadb.org binary distribution
2017-01-18 12:05:32 5444 [Note] e:\xampp\mysql\bin\mysqld.exe: Normal shutdown

2017-01-18 12:05:32 5444 [Note] Event Scheduler: Purging the queue. 0 events
2017-01-18 12:05:32 10984 [Note] InnoDB: FTS optimize thread exiting.
2017-01-18 12:05:32 5444 [Note] InnoDB: Starting shutdown...
2017-01-18 12:05:32 5444 [Note] InnoDB: Waiting for page_cleaner to finish flushing of buffer pool
2017-01-18 12:05:33 5444 [Note] InnoDB: Shutdown completed; log sequence number 1875741
2017-01-18 12:05:33 5444 [Note] e:\xampp\mysql\bin\mysqld.exe: Shutdown complete

2017-01-18 12:05:59 1b14 InnoDB: Warning: Using innodb_additional_mem_pool_size is DEPRECATED. This option may be removed in future releases, together with the option innodb_use_sys_malloc and with the InnoDB's internal memory allocator.
2017-01-18 12:05:59 6932 [Note] InnoDB: innodb_empty_free_list_algorithm has been changed to legacy because of small buffer pool size. In order to use backoff, increase buffer pool at least up to 20MB.

2017-01-18 12:05:59 6932 [Note] InnoDB: Using mutexes to ref count buffer pool pages
2017-01-18 12:05:59 6932 [Note] InnoDB: The InnoDB memory heap is disabled
2017-01-18 12:05:59 6932 [Note] InnoDB: Mutexes and rw_locks use Windows interlocked functions
2017-01-18 12:05:59 6932 [Note] InnoDB: _mm_lfence() and _mm_sfence() are used for memory barrier
2017-01-18 12:05:59 6932 [Note] InnoDB: Compressed tables use zlib 1.2.3
2017-01-18 12:05:59 6932 [Note] InnoDB: Using generic crc32 instructions
2017-01-18 12:05:59 6932 [Note] InnoDB: Initializing buffer pool, size = 16.0M
2017-01-18 12:05:59 6932 [Note] InnoDB: Completed initialization of buffer pool
2017-01-18 12:06:00 6932 [Note] InnoDB: Highest supported file format is Barracuda.
2017-01-18 12:06:00 6932 [Note] InnoDB: 128 rollback segment(s) are active.
2017-01-18 12:06:00 6932 [Note] InnoDB: Waiting for purge to start
2017-01-18 12:06:00 6932 [Note] InnoDB:  Percona XtraDB (http://www.percona.com) 5.6.32-79.0 started; log sequence number 1875741
2017-01-18 12:06:00 11128 [Note] InnoDB: Dumping buffer pool(s) not yet started
2017-01-18 12:06:00 6932 [Note] Plugin 'FEEDBACK' is disabled.
2017-01-18 12:06:00 6932 [Note] Server socket created on IP: '::'.
2017-01-18 12:06:00 6932 [Note] mysql\bin\mysqld.exe: ready for connections.
Version: '10.1.19-MariaDB'  socket: ''  port: 3306  mariadb.org binary distribution
2017-01-18 12:06:09 10112 [Note] mysql\bin\mysqld.exe: Normal shutdown

2017-01-18 12:06:09 10112 [Note] Event Scheduler: Purging the queue. 0 events
2017-01-18 12:06:09 9716 [Note] InnoDB: FTS optimize thread exiting.
2017-01-18 12:06:09 10112 [Note] InnoDB: Starting shutdown...
2017-01-18 12:06:09 10112 [Note] InnoDB: Waiting for page_cleaner to finish flushing of buffer pool
2017-01-18 12:06:11 10112 [Note] InnoDB: Shutdown completed; log sequence number 1875751
2017-01-18 12:06:11 10112 [Note] mysql\bin\mysqld.exe: Shutdown complete

2017-01-18 12:07:40 c88 InnoDB: Warning: Using innodb_additional_mem_pool_size is DEPRECATED. This option may be removed in future releases, together with the option innodb_use_sys_malloc and with the InnoDB's internal memory allocator.
2017-01-18 12:07:40 3208 [Note] InnoDB: innodb_empty_free_list_algorithm has been changed to legacy because of small buffer pool size. In order to use backoff, increase buffer pool at least up to 20MB.

2017-01-18 12:07:40 3208 [Note] InnoDB: Using mutexes to ref count buffer pool pages
2017-01-18 12:07:40 3208 [Note] InnoDB: The InnoDB memory heap is disabled
2017-01-18 12:07:40 3208 [Note] InnoDB: Mutexes and rw_locks use Windows interlocked functions
2017-01-18 12:07:40 3208 [Note] InnoDB: _mm_lfence() and _mm_sfence() are used for memory barrier
2017-01-18 12:07:40 3208 [Note] InnoDB: Compressed tables use zlib 1.2.3
2017-01-18 12:07:40 3208 [Note] InnoDB: Using generic crc32 instructions
2017-01-18 12:07:40 3208 [Note] InnoDB: Initializing buffer pool, size = 16.0M
2017-01-18 12:07:40 3208 [Note] InnoDB: Completed initialization of buffer pool
2017-01-18 12:07:40 3208 [Note] InnoDB: Highest supported file format is Barracuda.
2017-01-18 12:07:40 3208 [Note] InnoDB: 128 rollback segment(s) are active.
2017-01-18 12:07:40 3208 [Note] InnoDB: Waiting for purge to start
2017-01-18 12:07:40 3208 [Note] InnoDB:  Percona XtraDB (http://www.percona.com) 5.6.32-79.0 started; log sequence number 1875751
2017-01-18 12:07:40 2908 [Note] InnoDB: Dumping buffer pool(s) not yet started
2017-01-18 12:07:40 3208 [Note] Plugin 'FEEDBACK' is disabled.
2017-01-18 12:07:40 3208 [Note] Server socket created on IP: '::'.
2017-01-18 12:07:41 3208 [Note] mysql\bin\mysqld.exe: ready for connections.
Version: '10.1.19-MariaDB'  socket: ''  port: 3306  mariadb.org binary distribution
2017-01-18 12:09:00 7532 [Note] mysql\bin\mysqld.exe: Normal shutdown

2017-01-18 12:09:00 7532 [Note] Event Scheduler: Purging the queue. 0 events
2017-01-18 12:09:00 4960 [Note] InnoDB: FTS optimize thread exiting.
2017-01-18 12:09:00 7532 [Note] InnoDB: Starting shutdown...
2017-01-18 12:09:00 7532 [Note] InnoDB: Waiting for page_cleaner to finish flushing of buffer pool
2017-01-18 12:09:02 7532 [Note] InnoDB: Shutdown completed; log sequence number 1875761
2017-01-18 12:09:02 7532 [Note] mysql\bin\mysqld.exe: Shutdown complete

2017-01-18 12:09:32 1290 InnoDB: Warning: Using innodb_additional_mem_pool_size is DEPRECATED. This option may be removed in future releases, together with the option innodb_use_sys_malloc and with the InnoDB's internal memory allocator.
2017-01-18 12:09:32 4752 [Note] InnoDB: innodb_empty_free_list_algorithm has been changed to legacy because of small buffer pool size. In order to use backoff, increase buffer pool at least up to 20MB.

2017-01-18 12:09:32 4752 [Note] InnoDB: Using mutexes to ref count buffer pool pages
2017-01-18 12:09:32 4752 [Note] InnoDB: The InnoDB memory heap is disabled
2017-01-18 12:09:32 4752 [Note] InnoDB: Mutexes and rw_locks use Windows interlocked functions
2017-01-18 12:09:32 4752 [Note] InnoDB: _mm_lfence() and _mm_sfence() are used for memory barrier
2017-01-18 12:09:32 4752 [Note] InnoDB: Compressed tables use zlib 1.2.3
2017-01-18 12:09:32 4752 [Note] InnoDB: Using generic crc32 instructions
2017-01-18 12:09:32 4752 [Note] InnoDB: Initializing buffer pool, size = 16.0M
2017-01-18 12:09:32 4752 [Note] InnoDB: Completed initialization of buffer pool
2017-01-18 12:09:32 4752 [Note] InnoDB: Highest supported file format is Barracuda.
2017-01-18 12:09:33 4752 [Note] InnoDB: 128 rollback segment(s) are active.
2017-01-18 12:09:33 4752 [Note] InnoDB: Waiting for purge to start
2017-01-18 12:09:33 4752 [Note] InnoDB:  Percona XtraDB (http://www.percona.com) 5.6.32-79.0 started; log sequence number 1875761
2017-01-18 12:09:33 10420 [Note] InnoDB: Dumping buffer pool(s) not yet started
2017-01-18 12:09:33 4752 [Note] Plugin 'FEEDBACK' is disabled.
2017-01-18 12:09:33 4752 [Note] Server socket created on IP: '::'.
2017-01-18 12:09:33 4752 [Note] e:\xampp\mysql\bin\mysqld.exe: ready for connections.
Version: '10.1.19-MariaDB'  socket: ''  port: 3306  mariadb.org binary distribution
2017-01-18 12:10:21 7616 [Note] e:\xampp\mysql\bin\mysqld.exe: Normal shutdown

2017-01-18 12:10:21 7616 [Note] Event Scheduler: Purging the queue. 0 events
2017-01-18 12:10:21 11072 [Note] InnoDB: FTS optimize thread exiting.
2017-01-18 12:10:21 7616 [Note] InnoDB: Starting shutdown...
2017-01-18 12:10:22 7616 [Note] InnoDB: Waiting for page_cleaner to finish flushing of buffer pool
2017-01-18 12:10:23 7616 [Note] InnoDB: Shutdown completed; log sequence number 1875771
2017-01-18 12:10:24 7616 [Note] e:\xampp\mysql\bin\mysqld.exe: Shutdown complete

2017-01-18 12:10:32 1174 InnoDB: Warning: Using innodb_additional_mem_pool_size is DEPRECATED. This option may be removed in future releases, together with the option innodb_use_sys_malloc and with the InnoDB's internal memory allocator.
2017-01-18 12:10:32 4468 [Note] InnoDB: innodb_empty_free_list_algorithm has been changed to legacy because of small buffer pool size. In order to use backoff, increase buffer pool at least up to 20MB.

2017-01-18 12:10:32 4468 [Note] InnoDB: Using mutexes to ref count buffer pool pages
2017-01-18 12:10:32 4468 [Note] InnoDB: The InnoDB memory heap is disabled
2017-01-18 12:10:32 4468 [Note] InnoDB: Mutexes and rw_locks use Windows interlocked functions
2017-01-18 12:10:32 4468 [Note] InnoDB: _mm_lfence() and _mm_sfence() are used for memory barrier
2017-01-18 12:10:32 4468 [Note] InnoDB: Compressed tables use zlib 1.2.3
2017-01-18 12:10:32 4468 [Note] InnoDB: Using generic crc32 instructions
2017-01-18 12:10:32 4468 [Note] InnoDB: Initializing buffer pool, size = 16.0M
2017-01-18 12:10:32 4468 [Note] InnoDB: Completed initialization of buffer pool
2017-01-18 12:10:33 4468 [Note] InnoDB: Highest supported file format is Barracuda.
2017-01-18 12:10:33 4468 [Note] InnoDB: 128 rollback segment(s) are active.
2017-01-18 12:10:33 4468 [Note] InnoDB: Waiting for purge to start
2017-01-18 12:10:33 4468 [Note] InnoDB:  Percona XtraDB (http://www.percona.com) 5.6.32-79.0 started; log sequence number 1875771
2017-01-18 12:10:33 696 [Note] InnoDB: Dumping buffer pool(s) not yet started
2017-01-18 12:10:33 4468 [Note] Plugin 'FEEDBACK' is disabled.
2017-01-18 12:10:33 4468 [Note] Server socket created on IP: '::'.
2017-01-18 12:10:33 4468 [Note] e:\xampp\mysql\bin\mysqld.exe: ready for connections.
Version: '10.1.19-MariaDB'  socket: ''  port: 3306  mariadb.org binary distribution
2017-01-18 12:10:36 1948 [Note] e:\xampp\mysql\bin\mysqld.exe: Normal shutdown

2017-01-18 12:10:36 1948 [Note] Event Scheduler: Purging the queue. 0 events
2017-01-18 12:10:36 6704 [Note] InnoDB: FTS optimize thread exiting.
2017-01-18 12:10:36 1948 [Note] InnoDB: Starting shutdown...
2017-01-18 12:10:37 1948 [Note] InnoDB: Waiting for page_cleaner to finish flushing of buffer pool
2017-01-18 12:10:38 1948 [Note] InnoDB: Shutdown completed; log sequence number 1875781
2017-01-18 12:10:38 1948 [Note] e:\xampp\mysql\bin\mysqld.exe: Shutdown complete

2017-01-19 16:13:32 2f88 InnoDB: Warning: Using innodb_additional_mem_pool_size is DEPRECATED. This option may be removed in future releases, together with the option innodb_use_sys_malloc and with the InnoDB's internal memory allocator.
2017-01-19 16:13:32 12168 [Note] InnoDB: innodb_empty_free_list_algorithm has been changed to legacy because of small buffer pool size. In order to use backoff, increase buffer pool at least up to 20MB.

2017-01-19 16:13:32 12168 [Note] InnoDB: Using mutexes to ref count buffer pool pages
2017-01-19 16:13:32 12168 [Note] InnoDB: The InnoDB memory heap is disabled
2017-01-19 16:13:32 12168 [Note] InnoDB: Mutexes and rw_locks use Windows interlocked functions
2017-01-19 16:13:32 12168 [Note] InnoDB: _mm_lfence() and _mm_sfence() are used for memory barrier
2017-01-19 16:13:32 12168 [Note] InnoDB: Compressed tables use zlib 1.2.3
2017-01-19 16:13:32 12168 [Note] InnoDB: Using generic crc32 instructions
2017-01-19 16:13:32 12168 [Note] InnoDB: Initializing buffer pool, size = 16.0M
2017-01-19 16:13:32 12168 [Note] InnoDB: Completed initialization of buffer pool
2017-01-19 16:13:32 12168 [Note] InnoDB: Highest supported file format is Barracuda.
2017-01-19 16:13:33 12168 [Note] InnoDB: 128 rollback segment(s) are active.
2017-01-19 16:13:33 12168 [Note] InnoDB: Waiting for purge to start
2017-01-19 16:13:33 12168 [Note] InnoDB:  Percona XtraDB (http://www.percona.com) 5.6.32-79.0 started; log sequence number 1875781
2017-01-19 16:13:33 7420 [Note] InnoDB: Dumping buffer pool(s) not yet started
2017-01-19 16:13:33 12168 [Note] Plugin 'FEEDBACK' is disabled.
2017-01-19 16:13:33 12168 [Note] Server socket created on IP: '::'.
2017-01-19 16:13:33 12168 [Note] e:\xampp\mysql\bin\mysqld.exe: ready for connections.
Version: '10.1.19-MariaDB'  socket: ''  port: 3306  mariadb.org binary distribution
2017-01-19 17:57:02 1960 [Note] e:\xampp\mysql\bin\mysqld.exe: Normal shutdown

2017-01-19 17:57:02 1960 [Note] Event Scheduler: Purging the queue. 0 events
2017-01-19 17:57:02 5812 [Note] InnoDB: FTS optimize thread exiting.
2017-01-19 17:57:02 1960 [Note] InnoDB: Starting shutdown...
2017-01-19 17:57:03 1960 [Note] InnoDB: Waiting for page_cleaner to finish flushing of buffer pool
2017-01-19 17:57:04 1960 [Note] InnoDB: Shutdown completed; log sequence number 1899181
2017-01-19 17:57:04 1960 [Note] e:\xampp\mysql\bin\mysqld.exe: Shutdown complete

2017-01-19 20:14:39 1748 InnoDB: Warning: Using innodb_additional_mem_pool_size is DEPRECATED. This option may be removed in future releases, together with the option innodb_use_sys_malloc and with the InnoDB's internal memory allocator.
2017-01-19 20:14:39 5960 [Note] InnoDB: innodb_empty_free_list_algorithm has been changed to legacy because of small buffer pool size. In order to use backoff, increase buffer pool at least up to 20MB.

2017-01-19 20:14:39 5960 [Note] InnoDB: Using mutexes to ref count buffer pool pages
2017-01-19 20:14:39 5960 [Note] InnoDB: The InnoDB memory heap is disabled
2017-01-19 20:14:39 5960 [Note] InnoDB: Mutexes and rw_locks use Windows interlocked functions
2017-01-19 20:14:39 5960 [Note] InnoDB: _mm_lfence() and _mm_sfence() are used for memory barrier
2017-01-19 20:14:39 5960 [Note] InnoDB: Compressed tables use zlib 1.2.3
2017-01-19 20:14:39 5960 [Note] InnoDB: Using generic crc32 instructions
2017-01-19 20:14:39 5960 [Note] InnoDB: Initializing buffer pool, size = 16.0M
2017-01-19 20:14:39 5960 [Note] InnoDB: Completed initialization of buffer pool
2017-01-19 20:14:39 5960 [Note] InnoDB: Highest supported file format is Barracuda.
2017-01-19 20:14:39 5960 [Note] InnoDB: 128 rollback segment(s) are active.
2017-01-19 20:14:39 5960 [Note] InnoDB: Waiting for purge to start
2017-01-19 20:14:39 5960 [Note] InnoDB:  Percona XtraDB (http://www.percona.com) 5.6.32-79.0 started; log sequence number 1899181
2017-01-19 20:14:39 10912 [Note] InnoDB: Dumping buffer pool(s) not yet started
2017-01-19 20:14:39 5960 [Note] Plugin 'FEEDBACK' is disabled.
2017-01-19 20:14:39 5960 [Note] Server socket created on IP: '::'.
2017-01-19 20:14:40 5960 [Note] e:\xampp\mysql\bin\mysqld.exe: ready for connections.
Version: '10.1.19-MariaDB'  socket: ''  port: 3306  mariadb.org binary distribution
2017-01-19 20:26:19 11280 [Note] e:\xampp\mysql\bin\mysqld.exe: Normal shutdown

2017-01-19 20:26:19 11280 [Note] Event Scheduler: Purging the queue. 0 events
2017-01-19 20:26:19 11600 [Note] InnoDB: FTS optimize thread exiting.
2017-01-19 20:26:19 11280 [Note] InnoDB: Starting shutdown...
2017-01-19 20:26:20 11280 [Note] InnoDB: Waiting for page_cleaner to finish flushing of buffer pool
2017-01-19 20:26:21 11280 [Note] InnoDB: Shutdown completed; log sequence number 1900799
2017-01-19 20:26:21 11280 [Note] e:\xampp\mysql\bin\mysqld.exe: Shutdown complete

2017-01-20 00:43:33 1ad0 InnoDB: Warning: Using innodb_additional_mem_pool_size is DEPRECATED. This option may be removed in future releases, together with the option innodb_use_sys_malloc and with the InnoDB's internal memory allocator.
2017-01-20  0:43:33 6864 [Note] InnoDB: innodb_empty_free_list_algorithm has been changed to legacy because of small buffer pool size. In order to use backoff, increase buffer pool at least up to 20MB.

2017-01-20  0:43:33 6864 [Note] InnoDB: Using mutexes to ref count buffer pool pages
2017-01-20  0:43:33 6864 [Note] InnoDB: The InnoDB memory heap is disabled
2017-01-20  0:43:33 6864 [Note] InnoDB: Mutexes and rw_locks use Windows interlocked functions
2017-01-20  0:43:33 6864 [Note] InnoDB: _mm_lfence() and _mm_sfence() are used for memory barrier
2017-01-20  0:43:33 6864 [Note] InnoDB: Compressed tables use zlib 1.2.3
2017-01-20  0:43:33 6864 [Note] InnoDB: Using generic crc32 instructions
2017-01-20  0:43:33 6864 [Note] InnoDB: Initializing buffer pool, size = 16.0M
2017-01-20  0:43:33 6864 [Note] InnoDB: Completed initialization of buffer pool
2017-01-20  0:43:36 6864 [Note] InnoDB: Highest supported file format is Barracuda.
2017-01-20  0:43:36 6864 [Note] InnoDB: 128 rollback segment(s) are active.
2017-01-20  0:43:36 6864 [Note] InnoDB: Waiting for purge to start
2017-01-20  0:43:36 6864 [Note] InnoDB:  Percona XtraDB (http://www.percona.com) 5.6.32-79.0 started; log sequence number 1900799
2017-01-20  0:43:36 5020 [Note] InnoDB: Dumping buffer pool(s) not yet started
2017-01-20  0:43:36 6864 [Note] Plugin 'FEEDBACK' is disabled.
2017-01-20  0:43:36 6864 [Note] Server socket created on IP: '::'.
2017-01-20  0:43:36 6864 [Note] e:\xampp\mysql\bin\mysqld.exe: ready for connections.
Version: '10.1.19-MariaDB'  socket: ''  port: 3306  mariadb.org binary distribution
2017-01-20  0:44:59 6664 [Note] e:\xampp\mysql\bin\mysqld.exe: Normal shutdown

2017-01-20  0:44:59 6664 [Note] Event Scheduler: Purging the queue. 0 events
2017-01-20  0:44:59 9380 [Note] InnoDB: FTS optimize thread exiting.
2017-01-20  0:44:59 6664 [Note] InnoDB: Starting shutdown...
2017-01-20  0:44:59 6664 [Note] InnoDB: Waiting for page_cleaner to finish flushing of buffer pool
2017-01-20  0:45:00 6664 [Note] InnoDB: Shutdown completed; log sequence number 1900809
2017-01-20  0:45:00 6664 [Note] e:\xampp\mysql\bin\mysqld.exe: Shutdown complete

2017-01-23 11:18:32 1e90 InnoDB: Warning: Using innodb_additional_mem_pool_size is DEPRECATED. This option may be removed in future releases, together with the option innodb_use_sys_malloc and with the InnoDB's internal memory allocator.
2017-01-23 11:18:32 7824 [Note] InnoDB: innodb_empty_free_list_algorithm has been changed to legacy because of small buffer pool size. In order to use backoff, increase buffer pool at least up to 20MB.

2017-01-23 11:18:32 7824 [Note] InnoDB: Using mutexes to ref count buffer pool pages
2017-01-23 11:18:32 7824 [Note] InnoDB: The InnoDB memory heap is disabled
2017-01-23 11:18:32 7824 [Note] InnoDB: Mutexes and rw_locks use Windows interlocked functions
2017-01-23 11:18:32 7824 [Note] InnoDB: _mm_lfence() and _mm_sfence() are used for memory barrier
2017-01-23 11:18:32 7824 [Note] InnoDB: Compressed tables use zlib 1.2.3
2017-01-23 11:18:32 7824 [Note] InnoDB: Using generic crc32 instructions
2017-01-23 11:18:32 7824 [Note] InnoDB: Initializing buffer pool, size = 16.0M
2017-01-23 11:18:32 7824 [Note] InnoDB: Completed initialization of buffer pool
2017-01-23 11:18:33 7824 [Note] InnoDB: Highest supported file format is Barracuda.
2017-01-23 11:18:33 7824 [Note] InnoDB: 128 rollback segment(s) are active.
2017-01-23 11:18:33 7824 [Note] InnoDB: Waiting for purge to start
2017-01-23 11:18:33 7824 [Note] InnoDB:  Percona XtraDB (http://www.percona.com) 5.6.32-79.0 started; log sequence number 1900809
2017-01-23 11:18:33 4912 [Note] InnoDB: Dumping buffer pool(s) not yet started
2017-01-23 11:18:33 7824 [Note] Plugin 'FEEDBACK' is disabled.
2017-01-23 11:18:33 7824 [Note] Server socket created on IP: '::'.
2017-01-23 11:18:33 7824 [Note] e:\xampp\mysql\bin\mysqld.exe: ready for connections.
Version: '10.1.19-MariaDB'  socket: ''  port: 3306  mariadb.org binary distribution
2017-01-23 11:29:47 5192 [Note] InnoDB: Online DDL : Start
2017-01-23 11:29:47 5192 [Note] InnoDB: Online DDL : Start reading clustered index of the table and create temporary files
2017-01-23 11:29:47 5192 [Note] InnoDB: Online DDL : End of reading clustered index of the table and create temporary files
2017-01-23 11:29:47 5192 [Note] InnoDB: Online DDL : Start merge-sorting index `PRIMARY` (1 / 1), estimated cost : 20.0000
2017-01-23 11:29:47 5192 [Note] InnoDB: Online DDL : End of  merge-sorting index `PRIMARY` (1 / 1)
2017-01-23 11:29:47 5192 [Note] InnoDB: Online DDL : Start building index `PRIMARY` (1 / 1), estimated cost : 30.0000
2017-01-23 11:29:47 5192 [Note] InnoDB: Online DDL : End of building index `PRIMARY` (1 / 1)
2017-01-23 11:29:47 5192 [Note] InnoDB: Online DDL : Completed
2017-01-23 11:46:38 6680 [Note] InnoDB: Online DDL : Start
2017-01-23 11:46:38 6680 [Note] InnoDB: Online DDL : Start reading clustered index of the table and create temporary files
2017-01-23 11:46:38 6680 [Note] InnoDB: Online DDL : End of reading clustered index of the table and create temporary files
2017-01-23 11:46:38 6680 [Note] InnoDB: Online DDL : Start applying row log
2017-01-23 11:46:38 6680 [Note] InnoDB: Online DDL : End of applying row log
2017-01-23 11:46:38 6680 [Note] InnoDB: Online DDL : Completed
2017-01-23 11:55:21 6680 [Note] InnoDB: Online DDL : Start
2017-01-23 11:55:21 6680 [Note] InnoDB: Online DDL : Start reading clustered index of the table and create temporary files
2017-01-23 11:55:21 6680 [Note] InnoDB: Online DDL : End of reading clustered index of the table and create temporary files
2017-01-23 11:55:21 6680 [Note] InnoDB: Online DDL : Completed
2017-01-23 12:38:23 10836 [Note] e:\xampp\mysql\bin\mysqld.exe: Normal shutdown

2017-01-23 12:38:23 10836 [Note] Event Scheduler: Purging the queue. 0 events
2017-01-23 12:38:23 10504 [Note] InnoDB: FTS optimize thread exiting.
2017-01-23 12:38:23 10836 [Note] InnoDB: Starting shutdown...
2017-01-23 12:38:24 10836 [Note] InnoDB: Waiting for page_cleaner to finish flushing of buffer pool
2017-01-23 12:38:25 10836 [Note] InnoDB: Shutdown completed; log sequence number 1979831
2017-01-23 12:38:25 10836 [Note] e:\xampp\mysql\bin\mysqld.exe: Shutdown complete

2017-01-23 16:38:56 2808 InnoDB: Warning: Using innodb_additional_mem_pool_size is DEPRECATED. This option may be removed in future releases, together with the option innodb_use_sys_malloc and with the InnoDB's internal memory allocator.
2017-01-23 16:38:56 10248 [Note] InnoDB: innodb_empty_free_list_algorithm has been changed to legacy because of small buffer pool size. In order to use backoff, increase buffer pool at least up to 20MB.

2017-01-23 16:38:56 10248 [Note] InnoDB: Using mutexes to ref count buffer pool pages
2017-01-23 16:38:56 10248 [Note] InnoDB: The InnoDB memory heap is disabled
2017-01-23 16:38:56 10248 [Note] InnoDB: Mutexes and rw_locks use Windows interlocked functions
2017-01-23 16:38:56 10248 [Note] InnoDB: _mm_lfence() and _mm_sfence() are used for memory barrier
2017-01-23 16:38:56 10248 [Note] InnoDB: Compressed tables use zlib 1.2.3
2017-01-23 16:38:56 10248 [Note] InnoDB: Using generic crc32 instructions
2017-01-23 16:38:56 10248 [Note] InnoDB: Initializing buffer pool, size = 16.0M
2017-01-23 16:38:56 10248 [Note] InnoDB: Completed initialization of buffer pool
2017-01-23 16:38:56 10248 [Note] InnoDB: Highest supported file format is Barracuda.
2017-01-23 16:38:56 10248 [Note] InnoDB: 128 rollback segment(s) are active.
2017-01-23 16:38:56 10248 [Note] InnoDB: Waiting for purge to start
2017-01-23 16:38:56 10248 [Note] InnoDB:  Percona XtraDB (http://www.percona.com) 5.6.32-79.0 started; log sequence number 1979831
2017-01-23 16:38:57 1208 [Note] InnoDB: Dumping buffer pool(s) not yet started
2017-01-23 16:38:57 10248 [Note] Plugin 'FEEDBACK' is disabled.
2017-01-23 16:38:57 10248 [Note] Server socket created on IP: '::'.
2017-01-23 16:38:57 10248 [Note] e:\xampp\mysql\bin\mysqld.exe: ready for connections.
Version: '10.1.19-MariaDB'  socket: ''  port: 3306  mariadb.org binary distribution
2017-01-23 16:57:39 10928 [Note] e:\xampp\mysql\bin\mysqld.exe: Normal shutdown

2017-01-23 16:57:39 10928 [Note] Event Scheduler: Purging the queue. 0 events
2017-01-23 16:57:39 6468 [Note] InnoDB: FTS optimize thread exiting.
2017-01-23 16:57:39 10928 [Note] InnoDB: Starting shutdown...
2017-01-23 16:57:40 10928 [Note] InnoDB: Waiting for page_cleaner to finish flushing of buffer pool
2017-01-23 16:57:41 10928 [Note] InnoDB: Shutdown completed; log sequence number 1979841
2017-01-23 16:57:41 10928 [Note] e:\xampp\mysql\bin\mysqld.exe: Shutdown complete

2017-01-23 16:57:55 23e0 InnoDB: Warning: Using innodb_additional_mem_pool_size is DEPRECATED. This option may be removed in future releases, together with the option innodb_use_sys_malloc and with the InnoDB's internal memory allocator.
2017-01-23 16:57:55 9184 [Note] InnoDB: innodb_empty_free_list_algorithm has been changed to legacy because of small buffer pool size. In order to use backoff, increase buffer pool at least up to 20MB.

2017-01-23 16:57:55 9184 [Note] InnoDB: Using mutexes to ref count buffer pool pages
2017-01-23 16:57:55 9184 [Note] InnoDB: The InnoDB memory heap is disabled
2017-01-23 16:57:55 9184 [Note] InnoDB: Mutexes and rw_locks use Windows interlocked functions
2017-01-23 16:57:55 9184 [Note] InnoDB: _mm_lfence() and _mm_sfence() are used for memory barrier
2017-01-23 16:57:55 9184 [Note] InnoDB: Compressed tables use zlib 1.2.3
2017-01-23 16:57:55 9184 [Note] InnoDB: Using generic crc32 instructions
2017-01-23 16:57:55 9184 [Note] InnoDB: Initializing buffer pool, size = 16.0M
2017-01-23 16:57:55 9184 [Note] InnoDB: Completed initialization of buffer pool
2017-01-23 16:57:55 9184 [Note] InnoDB: Highest supported file format is Barracuda.
2017-01-23 16:57:55 9184 [Note] InnoDB: 128 rollback segment(s) are active.
2017-01-23 16:57:55 9184 [Note] InnoDB: Waiting for purge to start
2017-01-23 16:57:55 9184 [Note] InnoDB:  Percona XtraDB (http://www.percona.com) 5.6.32-79.0 started; log sequence number 1979841
2017-01-23 16:57:55 7512 [Note] InnoDB: Dumping buffer pool(s) not yet started
2017-01-23 16:57:55 9184 [Note] Plugin 'FEEDBACK' is disabled.
2017-01-23 16:57:55 9184 [Note] Server socket created on IP: '::'.
2017-01-23 16:57:55 9184 [Note] e:\xampp\mysql\bin\mysqld.exe: ready for connections.
Version: '10.1.19-MariaDB'  socket: ''  port: 3306  mariadb.org binary distribution
2017-01-23 16:59:56 8488 [Note] e:\xampp\mysql\bin\mysqld.exe: Normal shutdown

2017-01-23 16:59:56 8488 [Note] Event Scheduler: Purging the queue. 0 events
2017-01-23 16:59:56 9568 [Note] InnoDB: FTS optimize thread exiting.
2017-01-23 16:59:56 8488 [Note] InnoDB: Starting shutdown...
2017-01-23 16:59:57 8488 [Note] InnoDB: Waiting for page_cleaner to finish flushing of buffer pool
2017-01-23 16:59:58 8488 [Note] InnoDB: Shutdown completed; log sequence number 1979851
2017-01-23 16:59:58 8488 [Note] e:\xampp\mysql\bin\mysqld.exe: Shutdown complete

2017-01-23 21:06:04 316c InnoDB: Warning: Using innodb_additional_mem_pool_size is DEPRECATED. This option may be removed in future releases, together with the option innodb_use_sys_malloc and with the InnoDB's internal memory allocator.
2017-01-23 21:06:04 12652 [Note] InnoDB: innodb_empty_free_list_algorithm has been changed to legacy because of small buffer pool size. In order to use backoff, increase buffer pool at least up to 20MB.

2017-01-23 21:06:04 12652 [Note] InnoDB: Using mutexes to ref count buffer pool pages
2017-01-23 21:06:04 12652 [Note] InnoDB: The InnoDB memory heap is disabled
2017-01-23 21:06:04 12652 [Note] InnoDB: Mutexes and rw_locks use Windows interlocked functions
2017-01-23 21:06:04 12652 [Note] InnoDB: _mm_lfence() and _mm_sfence() are used for memory barrier
2017-01-23 21:06:04 12652 [Note] InnoDB: Compressed tables use zlib 1.2.3
2017-01-23 21:06:04 12652 [Note] InnoDB: Using generic crc32 instructions
2017-01-23 21:06:04 12652 [Note] InnoDB: Initializing buffer pool, size = 16.0M
2017-01-23 21:06:04 12652 [Note] InnoDB: Completed initialization of buffer pool
2017-01-23 21:06:04 12652 [Note] InnoDB: Highest supported file format is Barracuda.
2017-01-23 21:06:05 12652 [Note] InnoDB: 128 rollback segment(s) are active.
2017-01-23 21:06:05 12652 [Note] InnoDB: Waiting for purge to start
2017-01-23 21:06:05 12652 [Note] InnoDB:  Percona XtraDB (http://www.percona.com) 5.6.32-79.0 started; log sequence number 1979851
2017-01-23 21:06:05 12336 [Note] InnoDB: Dumping buffer pool(s) not yet started
2017-01-23 21:06:05 12652 [Note] Plugin 'FEEDBACK' is disabled.
2017-01-23 21:06:05 12652 [Note] Server socket created on IP: '::'.
2017-01-23 21:06:06 12652 [Note] e:\xampp\mysql\bin\mysqld.exe: ready for connections.
Version: '10.1.19-MariaDB'  socket: ''  port: 3306  mariadb.org binary distribution
2017-01-24  2:26:40 10268 [Note] e:\xampp\mysql\bin\mysqld.exe: Normal shutdown

2017-01-24  2:26:40 10268 [Note] Event Scheduler: Purging the queue. 0 events
2017-01-24  2:26:40 6536 [Note] InnoDB: FTS optimize thread exiting.
2017-01-24  2:26:40 10268 [Note] InnoDB: Starting shutdown...
2017-01-24 11:07:45 11a0 InnoDB: Warning: Using innodb_additional_mem_pool_size is DEPRECATED. This option may be removed in future releases, together with the option innodb_use_sys_malloc and with the InnoDB's internal memory allocator.
2017-01-24 11:07:45 4512 [Note] InnoDB: innodb_empty_free_list_algorithm has been changed to legacy because of small buffer pool size. In order to use backoff, increase buffer pool at least up to 20MB.

2017-01-24 11:07:45 4512 [Note] InnoDB: Using mutexes to ref count buffer pool pages
2017-01-24 11:07:45 4512 [Note] InnoDB: The InnoDB memory heap is disabled
2017-01-24 11:07:45 4512 [Note] InnoDB: Mutexes and rw_locks use Windows interlocked functions
2017-01-24 11:07:45 4512 [Note] InnoDB: _mm_lfence() and _mm_sfence() are used for memory barrier
2017-01-24 11:07:45 4512 [Note] InnoDB: Compressed tables use zlib 1.2.3
2017-01-24 11:07:45 4512 [Note] InnoDB: Using generic crc32 instructions
2017-01-24 11:07:45 4512 [Note] InnoDB: Initializing buffer pool, size = 16.0M
2017-01-24 11:07:45 4512 [Note] InnoDB: Completed initialization of buffer pool
2017-01-24 11:07:45 4512 [Note] InnoDB: Highest supported file format is Barracuda.
2017-01-24 11:07:45 4512 [Note] InnoDB: The log sequence numbers 1979851 and 1979851 in ibdata files do not match the log sequence number 1979861 in the ib_logfiles!
2017-01-24 11:07:45 4512 [Note] InnoDB: Database was not shutdown normally!
2017-01-24 11:07:45 4512 [Note] InnoDB: Starting crash recovery.
2017-01-24 11:07:45 4512 [Note] InnoDB: Reading tablespace information from the .ibd files...
2017-01-24 11:07:46 4512 [Note] InnoDB: Restoring possible half-written data pages 
2017-01-24 11:07:46 4512 [Note] InnoDB: from the doublewrite buffer...
2017-01-24 11:07:46 4512 [Note] InnoDB: 128 rollback segment(s) are active.
2017-01-24 11:07:46 4512 [Note] InnoDB: Waiting for purge to start
2017-01-24 11:07:46 4512 [Note] InnoDB:  Percona XtraDB (http://www.percona.com) 5.6.32-79.0 started; log sequence number 1979861
2017-01-24 11:07:46 12148 [Note] InnoDB: Dumping buffer pool(s) not yet started
2017-01-24 11:07:46 4512 [Note] Plugin 'FEEDBACK' is disabled.
2017-01-24 11:07:46 4512 [Note] Server socket created on IP: '::'.
2017-01-24 11:07:47 4512 [Note] e:\xampp\mysql\bin\mysqld.exe: ready for connections.
Version: '10.1.19-MariaDB'  socket: ''  port: 3306  mariadb.org binary distribution
2017-01-24 22:02:11 13120 [Note] e:\xampp\mysql\bin\mysqld.exe: Normal shutdown

2017-01-24 22:02:11 13120 [Note] Event Scheduler: Purging the queue. 0 events
2017-01-24 22:02:11 13300 [Note] InnoDB: FTS optimize thread exiting.
2017-01-24 22:02:11 13120 [Note] InnoDB: Starting shutdown...
2017-01-24 22:02:12 13120 [Note] InnoDB: Waiting for page_cleaner to finish flushing of buffer pool
2017-01-24 22:02:13 13120 [Note] InnoDB: Shutdown completed; log sequence number 1979871
2017-01-24 22:02:13 13120 [Note] e:\xampp\mysql\bin\mysqld.exe: Shutdown complete

2017-01-27 13:06:00 1ddc InnoDB: Warning: Using innodb_additional_mem_pool_size is DEPRECATED. This option may be removed in future releases, together with the option innodb_use_sys_malloc and with the InnoDB's internal memory allocator.
2017-01-27 13:06:00 7644 [Note] InnoDB: innodb_empty_free_list_algorithm has been changed to legacy because of small buffer pool size. In order to use backoff, increase buffer pool at least up to 20MB.

2017-01-27 13:06:00 7644 [Note] InnoDB: Using mutexes to ref count buffer pool pages
2017-01-27 13:06:00 7644 [Note] InnoDB: The InnoDB memory heap is disabled
2017-01-27 13:06:00 7644 [Note] InnoDB: Mutexes and rw_locks use Windows interlocked functions
2017-01-27 13:06:00 7644 [Note] InnoDB: _mm_lfence() and _mm_sfence() are used for memory barrier
2017-01-27 13:06:00 7644 [Note] InnoDB: Compressed tables use zlib 1.2.3
2017-01-27 13:06:00 7644 [Note] InnoDB: Using generic crc32 instructions
2017-01-27 13:06:00 7644 [Note] InnoDB: Initializing buffer pool, size = 16.0M
2017-01-27 13:06:00 7644 [Note] InnoDB: Completed initialization of buffer pool
2017-01-27 13:06:01 7644 [Note] InnoDB: Highest supported file format is Barracuda.
2017-01-27 13:06:01 7644 [Note] InnoDB: 128 rollback segment(s) are active.
2017-01-27 13:06:01 7644 [Note] InnoDB: Waiting for purge to start
2017-01-27 13:06:01 7644 [Note] InnoDB:  Percona XtraDB (http://www.percona.com) 5.6.32-79.0 started; log sequence number 1979871
2017-01-27 13:06:01 11724 [Note] InnoDB: Dumping buffer pool(s) not yet started
2017-01-27 13:06:01 7644 [Note] Plugin 'FEEDBACK' is disabled.
2017-01-27 13:06:01 7644 [Note] Server socket created on IP: '::'.
2017-01-27 13:06:02 7644 [Note] e:\xampp\mysql\bin\mysqld.exe: ready for connections.
Version: '10.1.19-MariaDB'  socket: ''  port: 3306  mariadb.org binary distribution
2017-01-27 15:35:55 5220 [Note] e:\xampp\mysql\bin\mysqld.exe: Normal shutdown

2017-01-27 15:35:55 5220 [Note] Event Scheduler: Purging the queue. 0 events
2017-01-27 15:35:55 3876 [Note] InnoDB: FTS optimize thread exiting.
2017-01-27 15:35:55 5220 [Note] InnoDB: Starting shutdown...
2017-01-27 15:35:57 5220 [Note] InnoDB: Waiting for page_cleaner to finish flushing of buffer pool
2017-01-27 15:35:58 5220 [Note] InnoDB: Shutdown completed; log sequence number 1979881
2017-01-27 15:35:58 5220 [Note] e:\xampp\mysql\bin\mysqld.exe: Shutdown complete

2017-01-27 23:25:41 167c InnoDB: Warning: Using innodb_additional_mem_pool_size is DEPRECATED. This option may be removed in future releases, together with the option innodb_use_sys_malloc and with the InnoDB's internal memory allocator.
2017-01-27 23:25:41 5756 [Note] InnoDB: innodb_empty_free_list_algorithm has been changed to legacy because of small buffer pool size. In order to use backoff, increase buffer pool at least up to 20MB.

2017-01-27 23:25:41 5756 [Note] InnoDB: Using mutexes to ref count buffer pool pages
2017-01-27 23:25:41 5756 [Note] InnoDB: The InnoDB memory heap is disabled
2017-01-27 23:25:41 5756 [Note] InnoDB: Mutexes and rw_locks use Windows interlocked functions
2017-01-27 23:25:41 5756 [Note] InnoDB: _mm_lfence() and _mm_sfence() are used for memory barrier
2017-01-27 23:25:41 5756 [Note] InnoDB: Compressed tables use zlib 1.2.3
2017-01-27 23:25:41 5756 [Note] InnoDB: Using generic crc32 instructions
2017-01-27 23:25:41 5756 [Note] InnoDB: Initializing buffer pool, size = 16.0M
2017-01-27 23:25:41 5756 [Note] InnoDB: Completed initialization of buffer pool
2017-01-27 23:25:41 5756 [Note] InnoDB: Highest supported file format is Barracuda.
2017-01-27 23:25:42 5756 [Note] InnoDB: 128 rollback segment(s) are active.
2017-01-27 23:25:42 5756 [Note] InnoDB: Waiting for purge to start
2017-01-27 23:25:42 5756 [Note] InnoDB:  Percona XtraDB (http://www.percona.com) 5.6.32-79.0 started; log sequence number 1979881
2017-01-27 23:25:42 11832 [Note] InnoDB: Dumping buffer pool(s) not yet started
2017-01-27 23:25:42 5756 [Note] Plugin 'FEEDBACK' is disabled.
2017-01-27 23:25:42 5756 [Note] Server socket created on IP: '::'.
2017-01-27 23:25:42 5756 [Note] e:\xampp\mysql\bin\mysqld.exe: ready for connections.
Version: '10.1.19-MariaDB'  socket: ''  port: 3306  mariadb.org binary distribution
2017-01-28  0:08:47 8772 [Note] e:\xampp\mysql\bin\mysqld.exe: Normal shutdown

2017-01-28  0:08:47 8772 [Note] Event Scheduler: Purging the queue. 0 events
2017-01-28  0:08:47 11564 [Note] InnoDB: FTS optimize thread exiting.
2017-01-28  0:08:47 8772 [Note] InnoDB: Starting shutdown...
2017-01-28  0:08:48 8772 [Note] InnoDB: Waiting for page_cleaner to finish flushing of buffer pool
2017-01-28  0:08:49 8772 [Note] InnoDB: Shutdown completed; log sequence number 1979891
2017-01-28  0:08:49 8772 [Note] e:\xampp\mysql\bin\mysqld.exe: Shutdown complete

2017-01-30 12:08:39 2588 InnoDB: Warning: Using innodb_additional_mem_pool_size is DEPRECATED. This option may be removed in future releases, together with the option innodb_use_sys_malloc and with the InnoDB's internal memory allocator.
2017-01-30 12:08:39 9608 [Note] InnoDB: innodb_empty_free_list_algorithm has been changed to legacy because of small buffer pool size. In order to use backoff, increase buffer pool at least up to 20MB.

2017-01-30 12:08:39 9608 [Note] InnoDB: Using mutexes to ref count buffer pool pages
2017-01-30 12:08:39 9608 [Note] InnoDB: The InnoDB memory heap is disabled
2017-01-30 12:08:39 9608 [Note] InnoDB: Mutexes and rw_locks use Windows interlocked functions
2017-01-30 12:08:39 9608 [Note] InnoDB: _mm_lfence() and _mm_sfence() are used for memory barrier
2017-01-30 12:08:39 9608 [Note] InnoDB: Compressed tables use zlib 1.2.3
2017-01-30 12:08:39 9608 [Note] InnoDB: Using generic crc32 instructions
2017-01-30 12:08:39 9608 [Note] InnoDB: Initializing buffer pool, size = 16.0M
2017-01-30 12:08:39 9608 [Note] InnoDB: Completed initialization of buffer pool
2017-01-30 12:08:39 9608 [Note] InnoDB: Highest supported file format is Barracuda.
2017-01-30 12:08:39 9608 [Note] InnoDB: 128 rollback segment(s) are active.
2017-01-30 12:08:39 9608 [Note] InnoDB: Waiting for purge to start
2017-01-30 12:08:40 9608 [Note] InnoDB:  Percona XtraDB (http://www.percona.com) 5.6.32-79.0 started; log sequence number 1979891
2017-01-30 12:08:40 7112 [Note] InnoDB: Dumping buffer pool(s) not yet started
2017-01-30 12:08:40 9608 [Note] Plugin 'FEEDBACK' is disabled.
2017-01-30 12:08:40 9608 [Note] Server socket created on IP: '::'.
2017-01-30 12:08:40 9608 [Note] e:\xampp\mysql\bin\mysqld.exe: ready for connections.
Version: '10.1.19-MariaDB'  socket: ''  port: 3306  mariadb.org binary distribution
2017-01-30 13:09:10 11884 [Note] e:\xampp\mysql\bin\mysqld.exe: Normal shutdown

2017-01-30 13:09:10 11884 [Note] Event Scheduler: Purging the queue. 0 events
2017-01-30 13:09:10 11104 [Note] InnoDB: FTS optimize thread exiting.
2017-01-30 13:09:10 11884 [Note] InnoDB: Starting shutdown...
2017-01-30 13:09:11 11884 [Note] InnoDB: Waiting for page_cleaner to finish flushing of buffer pool
2017-01-30 13:09:12 11884 [Note] InnoDB: Shutdown completed; log sequence number 1979917
2017-01-30 13:09:12 11884 [Note] e:\xampp\mysql\bin\mysqld.exe: Shutdown complete

2017-01-30 13:09:34 200 InnoDB: Warning: Using innodb_additional_mem_pool_size is DEPRECATED. This option may be removed in future releases, together with the option innodb_use_sys_malloc and with the InnoDB's internal memory allocator.
2017-01-30 13:09:34 512 [Note] InnoDB: innodb_empty_free_list_algorithm has been changed to legacy because of small buffer pool size. In order to use backoff, increase buffer pool at least up to 20MB.

2017-01-30 13:09:35 512 [Note] InnoDB: Using mutexes to ref count buffer pool pages
2017-01-30 13:09:35 512 [Note] InnoDB: The InnoDB memory heap is disabled
2017-01-30 13:09:35 512 [Note] InnoDB: Mutexes and rw_locks use Windows interlocked functions
2017-01-30 13:09:35 512 [Note] InnoDB: _mm_lfence() and _mm_sfence() are used for memory barrier
2017-01-30 13:09:35 512 [Note] InnoDB: Compressed tables use zlib 1.2.3
2017-01-30 13:09:35 512 [Note] InnoDB: Using generic crc32 instructions
2017-01-30 13:09:35 512 [Note] InnoDB: Initializing buffer pool, size = 16.0M
2017-01-30 13:09:35 512 [Note] InnoDB: Completed initialization of buffer pool
2017-01-30 13:09:35 512 [Note] InnoDB: Highest supported file format is Barracuda.
2017-01-30 13:09:35 512 [Note] InnoDB: 128 rollback segment(s) are active.
2017-01-30 13:09:35 512 [Note] InnoDB: Waiting for purge to start
2017-01-30 13:09:35 512 [Note] InnoDB:  Percona XtraDB (http://www.percona.com) 5.6.32-79.0 started; log sequence number 1979917
2017-01-30 13:09:35 7028 [Note] InnoDB: Dumping buffer pool(s) not yet started
2017-01-30 13:09:35 512 [Note] Plugin 'FEEDBACK' is disabled.
2017-01-30 13:09:35 512 [Note] Server socket created on IP: '::'.
2017-01-30 13:09:35 512 [Note] e:\xampp\mysql\bin\mysqld.exe: ready for connections.
Version: '10.1.19-MariaDB'  socket: ''  port: 3306  mariadb.org binary distribution
2017-01-30 13:14:40 1172 [Note] e:\xampp\mysql\bin\mysqld.exe: Normal shutdown

2017-01-30 13:14:40 1172 [Note] Event Scheduler: Purging the queue. 0 events
2017-01-30 13:14:40 644 [Note] InnoDB: FTS optimize thread exiting.
2017-01-30 13:14:40 1172 [Note] InnoDB: Starting shutdown...
2017-01-30 13:14:41 1172 [Note] InnoDB: Waiting for page_cleaner to finish flushing of buffer pool
2017-01-30 13:14:42 1172 [Note] InnoDB: Shutdown completed; log sequence number 1979927
2017-01-30 13:14:42 1172 [Note] e:\xampp\mysql\bin\mysqld.exe: Shutdown complete

2017-01-30 13:15:01 29c4 InnoDB: Warning: Using innodb_additional_mem_pool_size is DEPRECATED. This option may be removed in future releases, together with the option innodb_use_sys_malloc and with the InnoDB's internal memory allocator.
2017-01-30 13:15:01 10692 [Note] InnoDB: innodb_empty_free_list_algorithm has been changed to legacy because of small buffer pool size. In order to use backoff, increase buffer pool at least up to 20MB.

2017-01-30 13:15:01 10692 [Note] InnoDB: Using mutexes to ref count buffer pool pages
2017-01-30 13:15:01 10692 [Note] InnoDB: The InnoDB memory heap is disabled
2017-01-30 13:15:01 10692 [Note] InnoDB: Mutexes and rw_locks use Windows interlocked functions
2017-01-30 13:15:01 10692 [Note] InnoDB: _mm_lfence() and _mm_sfence() are used for memory barrier
2017-01-30 13:15:01 10692 [Note] InnoDB: Compressed tables use zlib 1.2.3
2017-01-30 13:15:01 10692 [Note] InnoDB: Using generic crc32 instructions
2017-01-30 13:15:01 10692 [Note] InnoDB: Initializing buffer pool, size = 16.0M
2017-01-30 13:15:01 10692 [Note] InnoDB: Completed initialization of buffer pool
2017-01-30 13:15:01 10692 [Note] InnoDB: Highest supported file format is Barracuda.
2017-01-30 13:15:01 10692 [Note] InnoDB: 128 rollback segment(s) are active.
2017-01-30 13:15:01 10692 [Note] InnoDB: Waiting for purge to start
2017-01-30 13:15:01 10692 [Note] InnoDB:  Percona XtraDB (http://www.percona.com) 5.6.32-79.0 started; log sequence number 1979927
2017-01-30 13:15:02 11120 [Note] InnoDB: Dumping buffer pool(s) not yet started
2017-01-30 13:15:02 10692 [Note] Plugin 'FEEDBACK' is disabled.
2017-01-30 13:15:02 10692 [Note] Server socket created on IP: '::'.
2017-01-30 13:15:02 10692 [Note] e:\xampp\mysql\bin\mysqld.exe: ready for connections.
Version: '10.1.19-MariaDB'  socket: ''  port: 3306  mariadb.org binary distribution
2017-01-30 13:35:18 9304 [Note] e:\xampp\mysql\bin\mysqld.exe: Normal shutdown

2017-01-30 13:35:18 9304 [Note] Event Scheduler: Purging the queue. 0 events
2017-01-30 13:35:18 11892 [Note] InnoDB: FTS optimize thread exiting.
2017-01-30 13:35:18 9304 [Note] InnoDB: Starting shutdown...
2017-01-30 13:35:19 9304 [Note] InnoDB: Waiting for page_cleaner to finish flushing of buffer pool
2017-01-30 13:35:20 9304 [Note] InnoDB: Shutdown completed; log sequence number 1979937
2017-01-30 13:35:20 9304 [Note] e:\xampp\mysql\bin\mysqld.exe: Shutdown complete

2017-01-30 16:09:16 fe8 InnoDB: Warning: Using innodb_additional_mem_pool_size is DEPRECATED. This option may be removed in future releases, together with the option innodb_use_sys_malloc and with the InnoDB's internal memory allocator.
2017-01-30 16:09:16 4072 [Note] InnoDB: innodb_empty_free_list_algorithm has been changed to legacy because of small buffer pool size. In order to use backoff, increase buffer pool at least up to 20MB.

2017-01-30 16:09:16 4072 [Note] InnoDB: Using mutexes to ref count buffer pool pages
2017-01-30 16:09:16 4072 [Note] InnoDB: The InnoDB memory heap is disabled
2017-01-30 16:09:16 4072 [Note] InnoDB: Mutexes and rw_locks use Windows interlocked functions
2017-01-30 16:09:16 4072 [Note] InnoDB: _mm_lfence() and _mm_sfence() are used for memory barrier
2017-01-30 16:09:16 4072 [Note] InnoDB: Compressed tables use zlib 1.2.3
2017-01-30 16:09:16 4072 [Note] InnoDB: Using generic crc32 instructions
2017-01-30 16:09:16 4072 [Note] InnoDB: Initializing buffer pool, size = 16.0M
2017-01-30 16:09:16 4072 [Note] InnoDB: Completed initialization of buffer pool
2017-01-30 16:09:16 4072 [Note] InnoDB: Highest supported file format is Barracuda.
2017-01-30 16:09:16 4072 [Note] InnoDB: 128 rollback segment(s) are active.
2017-01-30 16:09:16 4072 [Note] InnoDB: Waiting for purge to start
2017-01-30 16:09:16 4072 [Note] InnoDB:  Percona XtraDB (http://www.percona.com) 5.6.32-79.0 started; log sequence number 1979937
2017-01-30 16:09:17 2792 [Note] InnoDB: Dumping buffer pool(s) not yet started
2017-01-30 16:09:17 4072 [Note] Plugin 'FEEDBACK' is disabled.
2017-01-30 16:09:17 4072 [Note] Server socket created on IP: '::'.
2017-01-30 16:09:17 4072 [Note] e:\xampp\mysql\bin\mysqld.exe: ready for connections.
Version: '10.1.19-MariaDB'  socket: ''  port: 3306  mariadb.org binary distribution
2017-01-30 17:07:01 1828 [Note] e:\xampp\mysql\bin\mysqld.exe: Normal shutdown

2017-01-30 17:07:01 1828 [Note] Event Scheduler: Purging the queue. 0 events
2017-01-30 17:07:01 9932 [Note] InnoDB: FTS optimize thread exiting.
2017-01-30 17:07:01 1828 [Note] InnoDB: Starting shutdown...
2017-01-30 17:07:02 1828 [Note] InnoDB: Waiting for page_cleaner to finish flushing of buffer pool
2017-01-30 17:07:03 1828 [Note] InnoDB: Shutdown completed; log sequence number 2013148
2017-01-30 17:07:03 1828 [Note] e:\xampp\mysql\bin\mysqld.exe: Shutdown complete

2017-01-30 17:08:09 2250 InnoDB: Warning: Using innodb_additional_mem_pool_size is DEPRECATED. This option may be removed in future releases, together with the option innodb_use_sys_malloc and with the InnoDB's internal memory allocator.
2017-01-30 17:08:09 8784 [Note] InnoDB: innodb_empty_free_list_algorithm has been changed to legacy because of small buffer pool size. In order to use backoff, increase buffer pool at least up to 20MB.

2017-01-30 17:08:09 8784 [Note] InnoDB: Using mutexes to ref count buffer pool pages
2017-01-30 17:08:09 8784 [Note] InnoDB: The InnoDB memory heap is disabled
2017-01-30 17:08:09 8784 [Note] InnoDB: Mutexes and rw_locks use Windows interlocked functions
2017-01-30 17:08:09 8784 [Note] InnoDB: _mm_lfence() and _mm_sfence() are used for memory barrier
2017-01-30 17:08:09 8784 [Note] InnoDB: Compressed tables use zlib 1.2.3
2017-01-30 17:08:09 8784 [Note] InnoDB: Using generic crc32 instructions
2017-01-30 17:08:09 8784 [Note] InnoDB: Initializing buffer pool, size = 16.0M
2017-01-30 17:08:09 8784 [Note] InnoDB: Completed initialization of buffer pool
2017-01-30 17:08:09 8784 [Note] InnoDB: Highest supported file format is Barracuda.
2017-01-30 17:08:10 8784 [Note] InnoDB: 128 rollback segment(s) are active.
2017-01-30 17:08:10 8784 [Note] InnoDB: Waiting for purge to start
2017-01-30 17:08:10 8784 [Note] InnoDB:  Percona XtraDB (http://www.percona.com) 5.6.32-79.0 started; log sequence number 2013148
2017-01-30 17:08:10 392 [Note] InnoDB: Dumping buffer pool(s) not yet started
2017-01-30 17:08:10 8784 [Note] Plugin 'FEEDBACK' is disabled.
2017-01-30 17:08:10 8784 [Note] Server socket created on IP: '::'.
2017-01-30 17:08:10 8784 [Note] e:\xampp\mysql\bin\mysqld.exe: ready for connections.
Version: '10.1.19-MariaDB'  socket: ''  port: 3306  mariadb.org binary distribution
2017-01-30 17:09:00 8776 [Note] e:\xampp\mysql\bin\mysqld.exe: Normal shutdown

2017-01-30 17:09:00 8776 [Note] Event Scheduler: Purging the queue. 0 events
2017-01-30 17:09:01 8456 [Note] InnoDB: FTS optimize thread exiting.
2017-01-30 17:09:01 8776 [Note] InnoDB: Starting shutdown...
2017-01-30 17:09:01 8776 [Note] InnoDB: Waiting for page_cleaner to finish flushing of buffer pool
2017-01-30 17:09:02 8776 [Note] InnoDB: Shutdown completed; log sequence number 2013158
2017-01-30 17:09:02 8776 [Note] e:\xampp\mysql\bin\mysqld.exe: Shutdown complete

2017-01-30 17:09:03 2c54 InnoDB: Warning: Using innodb_additional_mem_pool_size is DEPRECATED. This option may be removed in future releases, together with the option innodb_use_sys_malloc and with the InnoDB's internal memory allocator.
2017-01-30 17:09:03 11348 [Note] InnoDB: innodb_empty_free_list_algorithm has been changed to legacy because of small buffer pool size. In order to use backoff, increase buffer pool at least up to 20MB.

2017-01-30 17:09:03 11348 [Note] InnoDB: Using mutexes to ref count buffer pool pages
2017-01-30 17:09:03 11348 [Note] InnoDB: The InnoDB memory heap is disabled
2017-01-30 17:09:03 11348 [Note] InnoDB: Mutexes and rw_locks use Windows interlocked functions
2017-01-30 17:09:03 11348 [Note] InnoDB: _mm_lfence() and _mm_sfence() are used for memory barrier
2017-01-30 17:09:03 11348 [Note] InnoDB: Compressed tables use zlib 1.2.3
2017-01-30 17:09:03 11348 [Note] InnoDB: Using generic crc32 instructions
2017-01-30 17:09:03 11348 [Note] InnoDB: Initializing buffer pool, size = 16.0M
2017-01-30 17:09:03 11348 [Note] InnoDB: Completed initialization of buffer pool
2017-01-30 17:09:03 11348 [Note] InnoDB: Highest supported file format is Barracuda.
2017-01-30 17:09:03 11348 [Note] InnoDB: 128 rollback segment(s) are active.
2017-01-30 17:09:03 11348 [Note] InnoDB: Waiting for purge to start
2017-01-30 17:09:03 11348 [Note] InnoDB:  Percona XtraDB (http://www.percona.com) 5.6.32-79.0 started; log sequence number 2013158
2017-01-30 17:09:03 5356 [Note] InnoDB: Dumping buffer pool(s) not yet started
2017-01-30 17:09:03 11348 [Note] Plugin 'FEEDBACK' is disabled.
2017-01-30 17:09:03 11348 [Note] Server socket created on IP: '::'.
2017-01-30 17:09:03 11348 [Note] e:\xampp\mysql\bin\mysqld.exe: ready for connections.
Version: '10.1.19-MariaDB'  socket: ''  port: 3306  mariadb.org binary distribution
2017-01-30 17:16:21 11548 [Note] e:\xampp\mysql\bin\mysqld.exe: Normal shutdown

2017-01-30 17:16:21 11548 [Note] Event Scheduler: Purging the queue. 0 events
2017-01-30 17:16:21 388 [Note] InnoDB: FTS optimize thread exiting.
2017-01-30 17:16:21 11548 [Note] InnoDB: Starting shutdown...
2017-01-30 17:16:22 11548 [Note] InnoDB: Waiting for page_cleaner to finish flushing of buffer pool
2017-01-30 17:16:24 11548 [Note] InnoDB: Shutdown completed; log sequence number 2013168
2017-01-30 17:16:24 11548 [Note] e:\xampp\mysql\bin\mysqld.exe: Shutdown complete

2017-01-30 18:06:55 1078 InnoDB: Warning: Using innodb_additional_mem_pool_size is DEPRECATED. This option may be removed in future releases, together with the option innodb_use_sys_malloc and with the InnoDB's internal memory allocator.
2017-01-30 18:06:55 4216 [Note] InnoDB: innodb_empty_free_list_algorithm has been changed to legacy because of small buffer pool size. In order to use backoff, increase buffer pool at least up to 20MB.

2017-01-30 18:06:55 4216 [Note] InnoDB: Using mutexes to ref count buffer pool pages
2017-01-30 18:06:55 4216 [Note] InnoDB: The InnoDB memory heap is disabled
2017-01-30 18:06:55 4216 [Note] InnoDB: Mutexes and rw_locks use Windows interlocked functions
2017-01-30 18:06:55 4216 [Note] InnoDB: _mm_lfence() and _mm_sfence() are used for memory barrier
2017-01-30 18:06:55 4216 [Note] InnoDB: Compressed tables use zlib 1.2.3
2017-01-30 18:06:55 4216 [Note] InnoDB: Using generic crc32 instructions
2017-01-30 18:06:55 4216 [Note] InnoDB: Initializing buffer pool, size = 16.0M
2017-01-30 18:06:55 4216 [Note] InnoDB: Completed initialization of buffer pool
2017-01-30 18:06:58 4216 [Note] InnoDB: Highest supported file format is Barracuda.
2017-01-30 18:06:58 4216 [Note] InnoDB: 128 rollback segment(s) are active.
2017-01-30 18:06:58 4216 [Note] InnoDB: Waiting for purge to start
2017-01-30 18:06:58 4216 [Note] InnoDB:  Percona XtraDB (http://www.percona.com) 5.6.32-79.0 started; log sequence number 2013168
2017-01-30 18:06:58 11148 [Note] InnoDB: Dumping buffer pool(s) not yet started
2017-01-30 18:06:58 4216 [Note] Plugin 'FEEDBACK' is disabled.
2017-01-30 18:06:58 4216 [Note] Server socket created on IP: '::'.
2017-01-30 18:06:58 4216 [Note] e:\xampp\mysql\bin\mysqld.exe: ready for connections.
Version: '10.1.19-MariaDB'  socket: ''  port: 3306  mariadb.org binary distribution
2017-01-30 18:07:52 5364 [Note] InnoDB: Online DDL : Start
2017-01-30 18:07:52 5364 [Note] InnoDB: Online DDL : Start reading clustered index of the table and create temporary files
2017-01-30 18:07:52 5364 [Note] InnoDB: Online DDL : End of reading clustered index of the table and create temporary files
2017-01-30 18:07:52 5364 [Note] InnoDB: Online DDL : Completed
2017-01-31 11:34:12 7084 [Note] e:\xampp\mysql\bin\mysqld.exe: Normal shutdown

2017-01-31 11:34:12 7084 [Note] Event Scheduler: Purging the queue. 0 events
2017-01-31 11:34:12 2764 [Note] InnoDB: FTS optimize thread exiting.
2017-01-31 11:34:12 7084 [Note] InnoDB: Starting shutdown...
2017-01-31 11:34:13 7084 [Note] InnoDB: Waiting for page_cleaner to finish flushing of buffer pool
2017-01-31 11:34:14 7084 [Note] InnoDB: Shutdown completed; log sequence number 2028991
2017-01-31 11:34:14 7084 [Note] e:\xampp\mysql\bin\mysqld.exe: Shutdown complete

2017-01-31 11:40:39 290c InnoDB: Warning: Using innodb_additional_mem_pool_size is DEPRECATED. This option may be removed in future releases, together with the option innodb_use_sys_malloc and with the InnoDB's internal memory allocator.
2017-01-31 11:40:39 10508 [Note] InnoDB: innodb_empty_free_list_algorithm has been changed to legacy because of small buffer pool size. In order to use backoff, increase buffer pool at least up to 20MB.

2017-01-31 11:40:39 10508 [Note] InnoDB: Using mutexes to ref count buffer pool pages
2017-01-31 11:40:39 10508 [Note] InnoDB: The InnoDB memory heap is disabled
2017-01-31 11:40:39 10508 [Note] InnoDB: Mutexes and rw_locks use Windows interlocked functions
2017-01-31 11:40:39 10508 [Note] InnoDB: _mm_lfence() and _mm_sfence() are used for memory barrier
2017-01-31 11:40:39 10508 [Note] InnoDB: Compressed tables use zlib 1.2.3
2017-01-31 11:40:39 10508 [Note] InnoDB: Using generic crc32 instructions
2017-01-31 11:40:39 10508 [Note] InnoDB: Initializing buffer pool, size = 16.0M
2017-01-31 11:40:39 10508 [Note] InnoDB: Completed initialization of buffer pool
2017-01-31 11:40:39 10508 [Note] InnoDB: Highest supported file format is Barracuda.
2017-01-31 11:40:40 10508 [Note] InnoDB: 128 rollback segment(s) are active.
2017-01-31 11:40:40 10508 [Note] InnoDB: Waiting for purge to start
2017-01-31 11:40:40 10508 [Note] InnoDB:  Percona XtraDB (http://www.percona.com) 5.6.32-79.0 started; log sequence number 2028991
2017-01-31 11:40:40 11712 [Note] InnoDB: Dumping buffer pool(s) not yet started
2017-01-31 11:40:40 10508 [Note] Plugin 'FEEDBACK' is disabled.
2017-01-31 11:40:40 10508 [Note] Server socket created on IP: '::'.
2017-01-31 11:40:40 10508 [Note] e:\xampp\mysql\bin\mysqld.exe: ready for connections.
Version: '10.1.19-MariaDB'  socket: ''  port: 3306  mariadb.org binary distribution
2017-01-31 11:54:28 4784 [Note] InnoDB: Online DDL : Start
2017-01-31 11:54:28 4784 [Note] InnoDB: Online DDL : Start reading clustered index of the table and create temporary files
2017-01-31 11:54:28 4784 [Note] InnoDB: Online DDL : End of reading clustered index of the table and create temporary files
2017-01-31 11:54:28 4784 [Note] InnoDB: Online DDL : Completed
2017-01-31 12:00:45 6960 [Note] InnoDB: Online DDL : Start
2017-01-31 12:00:45 6960 [Note] InnoDB: Online DDL : Start reading clustered index of the table and create temporary files
2017-01-31 12:00:45 6960 [Note] InnoDB: Online DDL : End of reading clustered index of the table and create temporary files
2017-01-31 12:00:45 6960 [Note] InnoDB: Online DDL : Completed
2017-01-31 12:45:56 6400 [Note] e:\xampp\mysql\bin\mysqld.exe: Normal shutdown

2017-01-31 12:45:56 6400 [Note] Event Scheduler: Purging the queue. 0 events
2017-01-31 12:45:56 10184 [Note] InnoDB: FTS optimize thread exiting.
2017-01-31 12:45:56 6400 [Note] InnoDB: Starting shutdown...
2017-01-31 12:45:56 6400 [Note] InnoDB: Waiting for page_cleaner to finish flushing of buffer pool
2017-01-31 12:45:57 6400 [Note] InnoDB: Shutdown completed; log sequence number 2058026
2017-01-31 12:45:57 6400 [Note] e:\xampp\mysql\bin\mysqld.exe: Shutdown complete

2017-01-31 12:46:00 1e38 InnoDB: Warning: Using innodb_additional_mem_pool_size is DEPRECATED. This option may be removed in future releases, together with the option innodb_use_sys_malloc and with the InnoDB's internal memory allocator.
2017-01-31 12:46:00 7736 [Note] InnoDB: innodb_empty_free_list_algorithm has been changed to legacy because of small buffer pool size. In order to use backoff, increase buffer pool at least up to 20MB.

2017-01-31 12:46:00 7736 [Note] InnoDB: Using mutexes to ref count buffer pool pages
2017-01-31 12:46:00 7736 [Note] InnoDB: The InnoDB memory heap is disabled
2017-01-31 12:46:00 7736 [Note] InnoDB: Mutexes and rw_locks use Windows interlocked functions
2017-01-31 12:46:00 7736 [Note] InnoDB: _mm_lfence() and _mm_sfence() are used for memory barrier
2017-01-31 12:46:00 7736 [Note] InnoDB: Compressed tables use zlib 1.2.3
2017-01-31 12:46:00 7736 [Note] InnoDB: Using generic crc32 instructions
2017-01-31 12:46:00 7736 [Note] InnoDB: Initializing buffer pool, size = 16.0M
2017-01-31 12:46:00 7736 [Note] InnoDB: Completed initialization of buffer pool
2017-01-31 12:46:00 7736 [Note] InnoDB: Highest supported file format is Barracuda.
2017-01-31 12:46:00 7736 [Note] InnoDB: 128 rollback segment(s) are active.
2017-01-31 12:46:00 7736 [Note] InnoDB: Waiting for purge to start
2017-01-31 12:46:00 7736 [Note] InnoDB:  Percona XtraDB (http://www.percona.com) 5.6.32-79.0 started; log sequence number 2058026
2017-01-31 12:46:00 10024 [Note] InnoDB: Dumping buffer pool(s) not yet started
2017-01-31 12:46:00 7736 [Note] Plugin 'FEEDBACK' is disabled.
2017-01-31 12:46:00 7736 [Note] Server socket created on IP: '::'.
2017-01-31 12:46:01 7736 [Note] e:\xampp\mysql\bin\mysqld.exe: ready for connections.
Version: '10.1.19-MariaDB'  socket: ''  port: 3306  mariadb.org binary distribution
2017-01-31 15:25:06 9064 [Note] e:\xampp\mysql\bin\mysqld.exe: Normal shutdown

2017-01-31 15:25:06 9064 [Note] Event Scheduler: Purging the queue. 0 events
2017-01-31 15:25:06 9996 [Note] InnoDB: FTS optimize thread exiting.
2017-01-31 15:25:06 9064 [Note] InnoDB: Starting shutdown...
2017-01-31 15:25:07 9064 [Note] InnoDB: Waiting for page_cleaner to finish flushing of buffer pool
2017-01-31 15:25:08 9064 [Note] InnoDB: Shutdown completed; log sequence number 2097890
2017-01-31 15:25:08 9064 [Note] e:\xampp\mysql\bin\mysqld.exe: Shutdown complete

2017-01-31 16:58:30 1adc InnoDB: Warning: Using innodb_additional_mem_pool_size is DEPRECATED. This option may be removed in future releases, together with the option innodb_use_sys_malloc and with the InnoDB's internal memory allocator.
2017-01-31 16:58:30 6876 [Note] InnoDB: innodb_empty_free_list_algorithm has been changed to legacy because of small buffer pool size. In order to use backoff, increase buffer pool at least up to 20MB.

2017-01-31 16:58:30 6876 [Note] InnoDB: Using mutexes to ref count buffer pool pages
2017-01-31 16:58:30 6876 [Note] InnoDB: The InnoDB memory heap is disabled
2017-01-31 16:58:30 6876 [Note] InnoDB: Mutexes and rw_locks use Windows interlocked functions
2017-01-31 16:58:30 6876 [Note] InnoDB: _mm_lfence() and _mm_sfence() are used for memory barrier
2017-01-31 16:58:30 6876 [Note] InnoDB: Compressed tables use zlib 1.2.3
2017-01-31 16:58:30 6876 [Note] InnoDB: Using generic crc32 instructions
2017-01-31 16:58:30 6876 [Note] InnoDB: Initializing buffer pool, size = 16.0M
2017-01-31 16:58:30 6876 [Note] InnoDB: Completed initialization of buffer pool
2017-01-31 16:58:30 6876 [Note] InnoDB: Highest supported file format is Barracuda.
2017-01-31 16:58:30 6876 [Note] InnoDB: 128 rollback segment(s) are active.
2017-01-31 16:58:30 6876 [Note] InnoDB: Waiting for purge to start
2017-01-31 16:58:30 6876 [Note] InnoDB:  Percona XtraDB (http://www.percona.com) 5.6.32-79.0 started; log sequence number 2097890
2017-01-31 16:58:30 2360 [Note] InnoDB: Dumping buffer pool(s) not yet started
2017-01-31 16:58:30 6876 [Note] Plugin 'FEEDBACK' is disabled.
2017-01-31 16:58:30 6876 [Note] Server socket created on IP: '::'.
2017-01-31 16:58:31 6876 [Note] e:\xampp\mysql\bin\mysqld.exe: ready for connections.
Version: '10.1.19-MariaDB'  socket: ''  port: 3306  mariadb.org binary distribution
2017-01-31 18:30:16 10272 [Note] e:\xampp\mysql\bin\mysqld.exe: Normal shutdown

2017-01-31 18:30:16 10272 [Note] Event Scheduler: Purging the queue. 0 events
2017-01-31 18:30:16 6408 [Note] InnoDB: FTS optimize thread exiting.
2017-01-31 18:30:16 10272 [Note] InnoDB: Starting shutdown...
2017-01-31 18:30:17 10272 [Note] InnoDB: Waiting for page_cleaner to finish flushing of buffer pool
2017-01-31 18:30:18 10272 [Note] InnoDB: Shutdown completed; log sequence number 2097900
2017-01-31 18:30:18 10272 [Note] e:\xampp\mysql\bin\mysqld.exe: Shutdown complete

2017-01-31 20:59:43 2164 InnoDB: Warning: Using innodb_additional_mem_pool_size is DEPRECATED. This option may be removed in future releases, together with the option innodb_use_sys_malloc and with the InnoDB's internal memory allocator.
2017-01-31 20:59:43 8548 [Note] InnoDB: innodb_empty_free_list_algorithm has been changed to legacy because of small buffer pool size. In order to use backoff, increase buffer pool at least up to 20MB.

2017-01-31 20:59:43 8548 [Note] InnoDB: Using mutexes to ref count buffer pool pages
2017-01-31 20:59:43 8548 [Note] InnoDB: The InnoDB memory heap is disabled
2017-01-31 20:59:43 8548 [Note] InnoDB: Mutexes and rw_locks use Windows interlocked functions
2017-01-31 20:59:43 8548 [Note] InnoDB: _mm_lfence() and _mm_sfence() are used for memory barrier
2017-01-31 20:59:43 8548 [Note] InnoDB: Compressed tables use zlib 1.2.3
2017-01-31 20:59:43 8548 [Note] InnoDB: Using generic crc32 instructions
2017-01-31 20:59:43 8548 [Note] InnoDB: Initializing buffer pool, size = 16.0M
2017-01-31 20:59:43 8548 [Note] InnoDB: Completed initialization of buffer pool
2017-01-31 20:59:45 8548 [Note] InnoDB: Highest supported file format is Barracuda.
2017-01-31 20:59:46 8548 [Note] InnoDB: 128 rollback segment(s) are active.
2017-01-31 20:59:46 8548 [Note] InnoDB: Waiting for purge to start
2017-01-31 20:59:46 8548 [Note] InnoDB:  Percona XtraDB (http://www.percona.com) 5.6.32-79.0 started; log sequence number 2097900
2017-01-31 20:59:46 3756 [Note] InnoDB: Dumping buffer pool(s) not yet started
2017-01-31 20:59:46 8548 [Note] Plugin 'FEEDBACK' is disabled.
2017-01-31 20:59:46 8548 [Note] Server socket created on IP: '::'.
2017-01-31 20:59:46 8548 [Note] e:\xampp\mysql\bin\mysqld.exe: ready for connections.
Version: '10.1.19-MariaDB'  socket: ''  port: 3306  mariadb.org binary distribution
2017-01-31 21:34:20 7124 [Note] e:\xampp\mysql\bin\mysqld.exe: Normal shutdown

2017-01-31 21:34:20 7124 [Note] Event Scheduler: Purging the queue. 0 events
2017-01-31 21:34:20 4236 [Note] InnoDB: FTS optimize thread exiting.
2017-01-31 21:34:20 7124 [Note] InnoDB: Starting shutdown...
2017-01-31 21:34:20 7124 [Note] InnoDB: Waiting for page_cleaner to finish flushing of buffer pool
2017-01-31 21:34:22 7124 [Note] InnoDB: Shutdown completed; log sequence number 2097910
2017-01-31 21:34:22 7124 [Note] e:\xampp\mysql\bin\mysqld.exe: Shutdown complete

2017-01-31 21:46:25 2f70 InnoDB: Warning: Using innodb_additional_mem_pool_size is DEPRECATED. This option may be removed in future releases, together with the option innodb_use_sys_malloc and with the InnoDB's internal memory allocator.
2017-01-31 21:46:25 12144 [Note] InnoDB: innodb_empty_free_list_algorithm has been changed to legacy because of small buffer pool size. In order to use backoff, increase buffer pool at least up to 20MB.

2017-01-31 21:46:25 12144 [Note] InnoDB: Using mutexes to ref count buffer pool pages
2017-01-31 21:46:25 12144 [Note] InnoDB: The InnoDB memory heap is disabled
2017-01-31 21:46:25 12144 [Note] InnoDB: Mutexes and rw_locks use Windows interlocked functions
2017-01-31 21:46:25 12144 [Note] InnoDB: _mm_lfence() and _mm_sfence() are used for memory barrier
2017-01-31 21:46:25 12144 [Note] InnoDB: Compressed tables use zlib 1.2.3
2017-01-31 21:46:25 12144 [Note] InnoDB: Using generic crc32 instructions
2017-01-31 21:46:25 12144 [Note] InnoDB: Initializing buffer pool, size = 16.0M
2017-01-31 21:46:25 12144 [Note] InnoDB: Completed initialization of buffer pool
2017-01-31 21:46:25 12144 [Note] InnoDB: Highest supported file format is Barracuda.
2017-01-31 21:46:25 12144 [Note] InnoDB: 128 rollback segment(s) are active.
2017-01-31 21:46:25 12144 [Note] InnoDB: Waiting for purge to start
2017-01-31 21:46:25 12144 [Note] InnoDB:  Percona XtraDB (http://www.percona.com) 5.6.32-79.0 started; log sequence number 2097910
2017-01-31 21:46:25 5392 [Note] InnoDB: Dumping buffer pool(s) not yet started
2017-01-31 21:46:25 12144 [Note] Plugin 'FEEDBACK' is disabled.
2017-01-31 21:46:25 12144 [Note] Server socket created on IP: '::'.
2017-01-31 21:46:25 12144 [Note] e:\xampp\mysql\bin\mysqld.exe: ready for connections.
Version: '10.1.19-MariaDB'  socket: ''  port: 3306  mariadb.org binary distribution
2017-01-31 21:50:48 3728 [Note] e:\xampp\mysql\bin\mysqld.exe: Normal shutdown

2017-01-31 21:50:48 3728 [Note] Event Scheduler: Purging the queue. 0 events
2017-01-31 21:50:48 1488 [Note] InnoDB: FTS optimize thread exiting.
2017-01-31 21:50:48 3728 [Note] InnoDB: Starting shutdown...
2017-01-31 21:50:49 3728 [Note] InnoDB: Waiting for page_cleaner to finish flushing of buffer pool
2017-01-31 21:50:50 3728 [Note] InnoDB: Shutdown completed; log sequence number 2097920
2017-01-31 21:50:50 3728 [Note] e:\xampp\mysql\bin\mysqld.exe: Shutdown complete

2017-02-01 08:27:49 4a8 InnoDB: Warning: Using innodb_additional_mem_pool_size is DEPRECATED. This option may be removed in future releases, together with the option innodb_use_sys_malloc and with the InnoDB's internal memory allocator.
2017-02-01  8:27:49 1192 [Note] InnoDB: innodb_empty_free_list_algorithm has been changed to legacy because of small buffer pool size. In order to use backoff, increase buffer pool at least up to 20MB.

2017-02-01  8:27:49 1192 [Note] InnoDB: Using mutexes to ref count buffer pool pages
2017-02-01  8:27:49 1192 [Note] InnoDB: The InnoDB memory heap is disabled
2017-02-01  8:27:49 1192 [Note] InnoDB: Mutexes and rw_locks use Windows interlocked functions
2017-02-01  8:27:49 1192 [Note] InnoDB: _mm_lfence() and _mm_sfence() are used for memory barrier
2017-02-01  8:27:49 1192 [Note] InnoDB: Compressed tables use zlib 1.2.3
2017-02-01  8:27:49 1192 [Note] InnoDB: Using generic crc32 instructions
2017-02-01  8:27:49 1192 [Note] InnoDB: Initializing buffer pool, size = 16.0M
2017-02-01  8:27:49 1192 [Note] InnoDB: Completed initialization of buffer pool
2017-02-01  8:27:49 1192 [Note] InnoDB: Highest supported file format is Barracuda.
2017-02-01  8:27:49 1192 [Note] InnoDB: 128 rollback segment(s) are active.
2017-02-01  8:27:49 1192 [Note] InnoDB: Waiting for purge to start
2017-02-01  8:27:49 1192 [Note] InnoDB:  Percona XtraDB (http://www.percona.com) 5.6.32-79.0 started; log sequence number 2097920
2017-02-01  8:27:50 10772 [Note] InnoDB: Dumping buffer pool(s) not yet started
2017-02-01  8:27:50 1192 [Note] Plugin 'FEEDBACK' is disabled.
2017-02-01  8:27:50 1192 [Note] Server socket created on IP: '::'.
2017-02-01  8:27:50 1192 [Note] e:\xampp\mysql\bin\mysqld.exe: ready for connections.
Version: '10.1.19-MariaDB'  socket: ''  port: 3306  mariadb.org binary distribution
2017-02-01 14:42:00 1136 [Note] e:\xampp\mysql\bin\mysqld.exe: Normal shutdown

2017-02-01 14:42:00 1136 [Note] Event Scheduler: Purging the queue. 0 events
2017-02-01 14:42:00 4624 [Note] InnoDB: FTS optimize thread exiting.
2017-02-01 14:42:00 1136 [Note] InnoDB: Starting shutdown...
2017-02-01 14:42:01 1136 [Note] InnoDB: Waiting for page_cleaner to finish flushing of buffer pool
2017-02-01 14:42:02 1136 [Note] InnoDB: Shutdown completed; log sequence number 2101831
2017-02-01 14:42:02 1136 [Note] e:\xampp\mysql\bin\mysqld.exe: Shutdown complete

2017-02-01 15:44:28 3650 InnoDB: Warning: Using innodb_additional_mem_pool_size is DEPRECATED. This option may be removed in future releases, together with the option innodb_use_sys_malloc and with the InnoDB's internal memory allocator.
2017-02-01 15:44:28 13904 [Note] InnoDB: innodb_empty_free_list_algorithm has been changed to legacy because of small buffer pool size. In order to use backoff, increase buffer pool at least up to 20MB.

2017-02-01 15:44:28 13904 [Note] InnoDB: Using mutexes to ref count buffer pool pages
2017-02-01 15:44:28 13904 [Note] InnoDB: The InnoDB memory heap is disabled
2017-02-01 15:44:28 13904 [Note] InnoDB: Mutexes and rw_locks use Windows interlocked functions
2017-02-01 15:44:28 13904 [Note] InnoDB: _mm_lfence() and _mm_sfence() are used for memory barrier
2017-02-01 15:44:28 13904 [Note] InnoDB: Compressed tables use zlib 1.2.3
2017-02-01 15:44:28 13904 [Note] InnoDB: Using generic crc32 instructions
2017-02-01 15:44:28 13904 [Note] InnoDB: Initializing buffer pool, size = 16.0M
2017-02-01 15:44:28 13904 [Note] InnoDB: Completed initialization of buffer pool
2017-02-01 15:44:28 13904 [Note] InnoDB: Highest supported file format is Barracuda.
2017-02-01 15:44:29 13904 [Note] InnoDB: 128 rollback segment(s) are active.
2017-02-01 15:44:29 13904 [Note] InnoDB: Waiting for purge to start
2017-02-01 15:44:29 13904 [Note] InnoDB:  Percona XtraDB (http://www.percona.com) 5.6.32-79.0 started; log sequence number 2101831
2017-02-01 15:44:29 8968 [Note] InnoDB: Dumping buffer pool(s) not yet started
2017-02-01 15:44:29 13904 [Note] Plugin 'FEEDBACK' is disabled.
2017-02-01 15:44:29 13904 [Note] Server socket created on IP: '::'.
2017-02-01 15:44:29 13904 [Note] e:\xampp\mysql\bin\mysqld.exe: ready for connections.
Version: '10.1.19-MariaDB'  socket: ''  port: 3306  mariadb.org binary distribution
2017-02-01 18:46:40 4808 [Note] e:\xampp\mysql\bin\mysqld.exe: Normal shutdown

2017-02-01 18:46:40 4808 [Note] Event Scheduler: Purging the queue. 0 events
2017-02-01 18:46:40 12140 [Note] InnoDB: FTS optimize thread exiting.
2017-02-01 18:46:40 4808 [Note] InnoDB: Starting shutdown...
2017-02-01 18:46:41 4808 [Note] InnoDB: Waiting for page_cleaner to finish flushing of buffer pool
2017-02-01 18:46:42 4808 [Note] InnoDB: Shutdown completed; log sequence number 2108527
2017-02-01 18:46:42 4808 [Note] e:\xampp\mysql\bin\mysqld.exe: Shutdown complete

2017-02-01 18:49:42 30a8 InnoDB: Warning: Using innodb_additional_mem_pool_size is DEPRECATED. This option may be removed in future releases, together with the option innodb_use_sys_malloc and with the InnoDB's internal memory allocator.
2017-02-01 18:49:42 12456 [Note] InnoDB: innodb_empty_free_list_algorithm has been changed to legacy because of small buffer pool size. In order to use backoff, increase buffer pool at least up to 20MB.

2017-02-01 18:49:42 12456 [Note] InnoDB: Using mutexes to ref count buffer pool pages
2017-02-01 18:49:42 12456 [Note] InnoDB: The InnoDB memory heap is disabled
2017-02-01 18:49:42 12456 [Note] InnoDB: Mutexes and rw_locks use Windows interlocked functions
2017-02-01 18:49:42 12456 [Note] InnoDB: _mm_lfence() and _mm_sfence() are used for memory barrier
2017-02-01 18:49:42 12456 [Note] InnoDB: Compressed tables use zlib 1.2.3
2017-02-01 18:49:42 12456 [Note] InnoDB: Using generic crc32 instructions
2017-02-01 18:49:42 12456 [Note] InnoDB: Initializing buffer pool, size = 16.0M
2017-02-01 18:49:42 12456 [Note] InnoDB: Completed initialization of buffer pool
2017-02-01 18:49:42 12456 [Note] InnoDB: Highest supported file format is Barracuda.
2017-02-01 18:49:42 12456 [Note] InnoDB: 128 rollback segment(s) are active.
2017-02-01 18:49:42 12456 [Note] InnoDB: Waiting for purge to start
2017-02-01 18:49:42 12456 [Note] InnoDB:  Percona XtraDB (http://www.percona.com) 5.6.32-79.0 started; log sequence number 2108527
2017-02-01 18:49:42 3560 [Note] InnoDB: Dumping buffer pool(s) not yet started
2017-02-01 18:49:42 12456 [Note] Plugin 'FEEDBACK' is disabled.
2017-02-01 18:49:42 12456 [Note] Server socket created on IP: '::'.
2017-02-01 18:49:42 12456 [Note] e:\xampp\mysql\bin\mysqld.exe: ready for connections.
Version: '10.1.19-MariaDB'  socket: ''  port: 3306  mariadb.org binary distribution
2017-02-01 18:58:13 356 [Note] e:\xampp\mysql\bin\mysqld.exe: Normal shutdown

2017-02-01 18:58:13 356 [Note] Event Scheduler: Purging the queue. 0 events
2017-02-01 18:58:13 10712 [Note] InnoDB: FTS optimize thread exiting.
2017-02-01 18:58:13 356 [Note] InnoDB: Starting shutdown...
2017-02-01 18:58:14 356 [Note] InnoDB: Waiting for page_cleaner to finish flushing of buffer pool
2017-02-01 18:58:15 356 [Note] InnoDB: Shutdown completed; log sequence number 2108720
2017-02-01 18:58:15 356 [Note] e:\xampp\mysql\bin\mysqld.exe: Shutdown complete

2017-02-02 09:40:27 32a0 InnoDB: Warning: Using innodb_additional_mem_pool_size is DEPRECATED. This option may be removed in future releases, together with the option innodb_use_sys_malloc and with the InnoDB's internal memory allocator.
2017-02-02  9:40:27 12960 [Note] InnoDB: innodb_empty_free_list_algorithm has been changed to legacy because of small buffer pool size. In order to use backoff, increase buffer pool at least up to 20MB.

2017-02-02  9:40:27 12960 [Note] InnoDB: Using mutexes to ref count buffer pool pages
2017-02-02  9:40:27 12960 [Note] InnoDB: The InnoDB memory heap is disabled
2017-02-02  9:40:27 12960 [Note] InnoDB: Mutexes and rw_locks use Windows interlocked functions
2017-02-02  9:40:27 12960 [Note] InnoDB: _mm_lfence() and _mm_sfence() are used for memory barrier
2017-02-02  9:40:27 12960 [Note] InnoDB: Compressed tables use zlib 1.2.3
2017-02-02  9:40:27 12960 [Note] InnoDB: Using generic crc32 instructions
2017-02-02  9:40:27 12960 [Note] InnoDB: Initializing buffer pool, size = 16.0M
2017-02-02  9:40:27 12960 [Note] InnoDB: Completed initialization of buffer pool
2017-02-02  9:40:27 12960 [Note] InnoDB: Highest supported file format is Barracuda.
2017-02-02  9:40:28 12960 [Note] InnoDB: 128 rollback segment(s) are active.
2017-02-02  9:40:28 12960 [Note] InnoDB: Waiting for purge to start
2017-02-02  9:40:28 12960 [Note] InnoDB:  Percona XtraDB (http://www.percona.com) 5.6.32-79.0 started; log sequence number 2108720
2017-02-02  9:40:28 4636 [Note] InnoDB: Dumping buffer pool(s) not yet started
2017-02-02  9:40:28 12960 [Note] Plugin 'FEEDBACK' is disabled.
2017-02-02  9:40:28 12960 [Note] Server socket created on IP: '::'.
2017-02-02  9:40:29 12960 [Note] e:\xampp\mysql\bin\mysqld.exe: ready for connections.
Version: '10.1.19-MariaDB'  socket: ''  port: 3306  mariadb.org binary distribution
2017-02-02 10:24:46 4784 [Note] InnoDB: Online DDL : Start
2017-02-02 10:24:46 4784 [Note] InnoDB: Online DDL : Start reading clustered index of the table and create temporary files
2017-02-02 10:24:46 4784 [Note] InnoDB: Online DDL : End of reading clustered index of the table and create temporary files
2017-02-02 10:24:46 4784 [Note] InnoDB: Online DDL : Completed
2017-02-02 14:02:57 11004 [Note] e:\xampp\mysql\bin\mysqld.exe: Normal shutdown

2017-02-02 14:02:57 11004 [Note] Event Scheduler: Purging the queue. 0 events
2017-02-02 14:02:57 6156 [Note] InnoDB: FTS optimize thread exiting.
2017-02-02 14:02:57 11004 [Note] InnoDB: Starting shutdown...
2017-02-02 14:02:58 11004 [Note] InnoDB: Waiting for page_cleaner to finish flushing of buffer pool
2017-02-02 14:03:00 11004 [Note] InnoDB: Shutdown completed; log sequence number 2194092
2017-02-02 14:03:00 11004 [Note] e:\xampp\mysql\bin\mysqld.exe: Shutdown complete

2017-02-02 14:03:06 1e38 InnoDB: Warning: Using innodb_additional_mem_pool_size is DEPRECATED. This option may be removed in future releases, together with the option innodb_use_sys_malloc and with the InnoDB's internal memory allocator.
2017-02-02 14:03:06 7736 [Note] InnoDB: innodb_empty_free_list_algorithm has been changed to legacy because of small buffer pool size. In order to use backoff, increase buffer pool at least up to 20MB.

2017-02-02 14:03:06 7736 [Note] InnoDB: Using mutexes to ref count buffer pool pages
2017-02-02 14:03:06 7736 [Note] InnoDB: The InnoDB memory heap is disabled
2017-02-02 14:03:06 7736 [Note] InnoDB: Mutexes and rw_locks use Windows interlocked functions
2017-02-02 14:03:06 7736 [Note] InnoDB: _mm_lfence() and _mm_sfence() are used for memory barrier
2017-02-02 14:03:06 7736 [Note] InnoDB: Compressed tables use zlib 1.2.3
2017-02-02 14:03:06 7736 [Note] InnoDB: Using generic crc32 instructions
2017-02-02 14:03:06 7736 [Note] InnoDB: Initializing buffer pool, size = 16.0M
2017-02-02 14:03:06 7736 [Note] InnoDB: Completed initialization of buffer pool
2017-02-02 14:03:06 7736 [Note] InnoDB: Highest supported file format is Barracuda.
2017-02-02 14:03:06 7736 [Note] InnoDB: 128 rollback segment(s) are active.
2017-02-02 14:03:06 7736 [Note] InnoDB: Waiting for purge to start
2017-02-02 14:03:06 7736 [Note] InnoDB:  Percona XtraDB (http://www.percona.com) 5.6.32-79.0 started; log sequence number 2194092
2017-02-02 14:03:06 424 [Note] InnoDB: Dumping buffer pool(s) not yet started
2017-02-02 14:03:06 7736 [Note] Plugin 'FEEDBACK' is disabled.
2017-02-02 14:03:06 7736 [Note] Server socket created on IP: '::'.
2017-02-02 14:03:06 7736 [Note] e:\xampp\mysql\bin\mysqld.exe: ready for connections.
Version: '10.1.19-MariaDB'  socket: ''  port: 3306  mariadb.org binary distribution
2017-02-02 14:51:18 13444 [Note] e:\xampp\mysql\bin\mysqld.exe: Normal shutdown

2017-02-02 14:51:18 13444 [Note] Event Scheduler: Purging the queue. 0 events
2017-02-02 14:51:18 9304 [Note] InnoDB: FTS optimize thread exiting.
2017-02-02 14:51:18 13444 [Note] InnoDB: Starting shutdown...
2017-02-02 14:51:19 13444 [Note] InnoDB: Waiting for page_cleaner to finish flushing of buffer pool
2017-02-02 14:51:20 13444 [Note] InnoDB: Shutdown completed; log sequence number 2195053
2017-02-02 14:51:20 13444 [Note] e:\xampp\mysql\bin\mysqld.exe: Shutdown complete

2017-02-02 15:23:59 1210 InnoDB: Warning: Using innodb_additional_mem_pool_size is DEPRECATED. This option may be removed in future releases, together with the option innodb_use_sys_malloc and with the InnoDB's internal memory allocator.
2017-02-02 15:23:59 4624 [Note] InnoDB: innodb_empty_free_list_algorithm has been changed to legacy because of small buffer pool size. In order to use backoff, increase buffer pool at least up to 20MB.

2017-02-02 15:23:59 4624 [Note] InnoDB: Using mutexes to ref count buffer pool pages
2017-02-02 15:23:59 4624 [Note] InnoDB: The InnoDB memory heap is disabled
2017-02-02 15:23:59 4624 [Note] InnoDB: Mutexes and rw_locks use Windows interlocked functions
2017-02-02 15:23:59 4624 [Note] InnoDB: _mm_lfence() and _mm_sfence() are used for memory barrier
2017-02-02 15:23:59 4624 [Note] InnoDB: Compressed tables use zlib 1.2.3
2017-02-02 15:23:59 4624 [Note] InnoDB: Using generic crc32 instructions
2017-02-02 15:23:59 4624 [Note] InnoDB: Initializing buffer pool, size = 16.0M
2017-02-02 15:23:59 4624 [Note] InnoDB: Completed initialization of buffer pool
2017-02-02 15:23:59 4624 [Note] InnoDB: Highest supported file format is Barracuda.
2017-02-02 15:23:59 4624 [Note] InnoDB: 128 rollback segment(s) are active.
2017-02-02 15:23:59 4624 [Note] InnoDB: Waiting for purge to start
2017-02-02 15:23:59 4624 [Note] InnoDB:  Percona XtraDB (http://www.percona.com) 5.6.32-79.0 started; log sequence number 2195053
2017-02-02 15:23:59 5056 [Note] InnoDB: Dumping buffer pool(s) not yet started
2017-02-02 15:23:59 4624 [Note] Plugin 'FEEDBACK' is disabled.
2017-02-02 15:23:59 4624 [Note] Server socket created on IP: '::'.
2017-02-02 15:23:59 4624 [Note] e:\xampp\mysql\bin\mysqld.exe: ready for connections.
Version: '10.1.19-MariaDB'  socket: ''  port: 3306  mariadb.org binary distribution
2017-02-02 15:27:05 6468 [Note] e:\xampp\mysql\bin\mysqld.exe: Normal shutdown

2017-02-02 15:27:05 6468 [Note] Event Scheduler: Purging the queue. 0 events
2017-02-02 15:27:05 8608 [Note] InnoDB: FTS optimize thread exiting.
2017-02-02 15:27:05 6468 [Note] InnoDB: Starting shutdown...
2017-02-02 15:27:06 6468 [Note] InnoDB: Waiting for page_cleaner to finish flushing of buffer pool
2017-02-02 15:27:08 6468 [Note] InnoDB: Shutdown completed; log sequence number 2195063
2017-02-02 15:27:08 6468 [Note] e:\xampp\mysql\bin\mysqld.exe: Shutdown complete

2017-02-03 12:09:33 17f0 InnoDB: Warning: Using innodb_additional_mem_pool_size is DEPRECATED. This option may be removed in future releases, together with the option innodb_use_sys_malloc and with the InnoDB's internal memory allocator.
2017-02-03 12:09:33 6128 [Note] InnoDB: innodb_empty_free_list_algorithm has been changed to legacy because of small buffer pool size. In order to use backoff, increase buffer pool at least up to 20MB.

2017-02-03 12:09:33 6128 [Note] InnoDB: Using mutexes to ref count buffer pool pages
2017-02-03 12:09:33 6128 [Note] InnoDB: The InnoDB memory heap is disabled
2017-02-03 12:09:33 6128 [Note] InnoDB: Mutexes and rw_locks use Windows interlocked functions
2017-02-03 12:09:33 6128 [Note] InnoDB: _mm_lfence() and _mm_sfence() are used for memory barrier
2017-02-03 12:09:33 6128 [Note] InnoDB: Compressed tables use zlib 1.2.3
2017-02-03 12:09:33 6128 [Note] InnoDB: Using generic crc32 instructions
2017-02-03 12:09:33 6128 [Note] InnoDB: Initializing buffer pool, size = 16.0M
2017-02-03 12:09:33 6128 [Note] InnoDB: Completed initialization of buffer pool
2017-02-03 12:09:33 6128 [Note] InnoDB: Highest supported file format is Barracuda.
2017-02-03 12:09:34 6128 [Note] InnoDB: 128 rollback segment(s) are active.
2017-02-03 12:09:34 6128 [Note] InnoDB: Waiting for purge to start
2017-02-03 12:09:34 6128 [Note] InnoDB:  Percona XtraDB (http://www.percona.com) 5.6.32-79.0 started; log sequence number 2195063
2017-02-03 12:09:34 4840 [Note] InnoDB: Dumping buffer pool(s) not yet started
2017-02-03 12:09:34 6128 [Note] Plugin 'FEEDBACK' is disabled.
2017-02-03 12:09:34 6128 [Note] Server socket created on IP: '::'.
2017-02-03 12:09:34 6128 [Note] e:\xampp\mysql\bin\mysqld.exe: ready for connections.
Version: '10.1.19-MariaDB'  socket: ''  port: 3306  mariadb.org binary distribution
2017-02-03 12:11:36 12932 [Note] e:\xampp\mysql\bin\mysqld.exe: Normal shutdown

2017-02-03 12:11:36 12932 [Note] Event Scheduler: Purging the queue. 0 events
2017-02-03 12:11:36 6208 [Note] InnoDB: FTS optimize thread exiting.
2017-02-03 12:11:36 12932 [Note] InnoDB: Starting shutdown...
2017-02-03 12:11:36 12932 [Note] InnoDB: Waiting for page_cleaner to finish flushing of buffer pool
2017-02-03 12:11:37 12932 [Note] InnoDB: Shutdown completed; log sequence number 2195073
2017-02-03 12:11:37 12932 [Note] e:\xampp\mysql\bin\mysqld.exe: Shutdown complete

